C:\USERS\DAVE\DOCUMENTS\VISUAL STUDIO 2012\PROJECTS\SENIOR_DESIGN\SENIOR_DESIGN\DEBUG\ARRAYSUMTOTAL.OBJ
C:\USERS\DAVE\DOCUMENTS\VISUAL STUDIO 2012\PROJECTS\SENIOR_DESIGN\SENIOR_DESIGN\DEBUG\STOPWATCH.OBJ
C:\USERS\DAVE\DOCUMENTS\VISUAL STUDIO 2012\PROJECTS\SENIOR_DESIGN\SENIOR_DESIGN\DEBUG\VC110.PDB
C:\USERS\DAVE\DOCUMENTS\VISUAL STUDIO 2012\PROJECTS\SENIOR_DESIGN\DEBUG\SENIOR_DESIGN.ILK
C:\USERS\DAVE\DOCUMENTS\VISUAL STUDIO 2012\PROJECTS\SENIOR_DESIGN\DEBUG\SENIOR_DESIGN.EXE
C:\USERS\DAVE\DOCUMENTS\VISUAL STUDIO 2012\PROJECTS\SENIOR_DESIGN\DEBUG\SENIOR_DESIGN.PDB
C:\Users\Dave\Documents\Visual Studio 2012\Projects\Senior_Design\Senior_Design\Debug\ArraySumTotal.obj
C:\Users\Dave\Documents\Visual Studio 2012\Projects\Senior_Design\Senior_Design\Debug\Stopwatch.obj
C:\Users\Dave\Documents\Visual Studio 2012\Projects\Senior_Design\Senior_Design\Debug\cl.command.1.tlog
C:\Users\Dave\Documents\Visual Studio 2012\Projects\Senior_Design\Senior_Design\Debug\CL.read.1.tlog
C:\Users\Dave\Documents\Visual Studio 2012\Projects\Senior_Design\Senior_Design\Debug\CL.write.1.tlog
C:\Users\Dave\Documents\Visual Studio 2012\Projects\Senior_Design\Senior_Design\Debug\link-cvtres.read.1.tlog
C:\Users\Dave\Documents\Visual Studio 2012\Projects\Senior_Design\Senior_Design\Debug\link-cvtres.write.1.tlog
C:\Users\Dave\Documents\Visual Studio 2012\Projects\Senior_Design\Senior_Design\Debug\link-rc.read.1.tlog
C:\Users\Dave\Documents\Visual Studio 2012\Projects\Senior_Design\Senior_Design\Debug\link-rc.write.1.tlog
C:\Users\Dave\Documents\Visual Studio 2012\Projects\Senior_Design\Senior_Design\Debug\link.command.1.tlog
C:\Users\Dave\Documents\Visual Studio 2012\Projects\Senior_Design\Senior_Design\Debug\link.read.1.tlog
C:\Users\Dave\Documents\Visual Studio 2012\Projects\Senior_Design\Senior_Design\Debug\link.write.1.tlog
C:\Users\Dave\Documents\Visual Studio 2012\Projects\Senior_Design\Senior_Design\Debug\vc110.idb
C:\Users\Dave\Documents\Visual Studio 2012\Projects\Senior_Design\Senior_Design\Debug\vc110.pdb
C:\Users\Dave\Documents\Visual Studio 2012\Projects\Senior_Design\Debug\Senior_Design.pdb
C:\Users\Dave\Documents\Visual Studio 2012\Projects\Senior_Design\Debug\Senior_Design.exe
C:\Users\Dave\Documents\Visual Studio 2012\Projects\Senior_Design\Debug\Senior_Design.ilk
