#
# A fatal error has been detected by the Java Runtime Environment:
#
#  EXCEPTION_ACCESS_VIOLATION (0xc0000005) at pc=0x000000005f20f1f0, pid=9432, tid=9016
#
# JRE version: Java(TM) SE Runtime Environment (7.0_51-b13) (build 1.7.0_51-b13)
# Java VM: Java HotSpot(TM) 64-Bit Server VM (24.51-b03 mixed mode windows-amd64 compressed oops)
# Problematic frame:
# V  [jvm.dll+0x11f1f0]
#
# Failed to write core dump. Minidumps are not enabled by default on client versions of Windows
#
# If you would like to submit a bug report, please visit:
#   http://bugreport.sun.com/bugreport/crash.jsp
#

---------------  T H R E A D  ---------------

Current thread (0x0000000008b27800):  JavaThread "JDWP Transport Listener: dt_socket" daemon [_thread_in_vm, id=9016, stack(0x000000000b4d0000,0x000000000b5d0000)]

siginfo: ExceptionCode=0xc0000005, reading address 0x000000000b0b0b4b

Registers:
RAX=0x0000000000000040, RBX=0x0000000008b27800, RCX=0x0000000000000040, RDX=0x00000000bae0ab60
RSP=0x000000000b5cf790, RBP=0x0000000002806e68, RSI=0x000000000ab36a70, RDI=0x000000000ab36a00
R8 =0x000000000b0b0b1b, R9 =0x000000000ab14170, R10=0x0000000000000000, R11=0x000000000b5cf770
R12=0x000000005f0972b8, R13=0x000000005f09729c, R14=0x000000005f09a4e0, R15=0x000000000000000a
RIP=0x000000005f20f1f0, EFLAGS=0x0000000000010202

Top of Stack: (sp=0x000000000b5cf790)
0x000000000b5cf790:   0000000008b27800 000000005f3db7b5
0x000000000b5cf7a0:   0000000008b27800 0000000000000000
0x000000000b5cf7b0:   000000000ab36a70 000000005f093966
0x000000000b5cf7c0:   0000000008b279e8 000000005f09c5e8
0x000000000b5cf7d0:   000000000b5cf950 0000000000000000
0x000000000b5cf7e0:   000000000000005b 0000000008b2c7e0
0x000000000b5cf7f0:   0000000000000000 000000005f076e36
0x000000000b5cf800:   0000000000000000 000000000b5cf840
0x000000000b5cf810:   0000000008b279e8 0000000008b279e8
0x000000000b5cf820:   000000000b5cf838 000000005f0868ed
0x000000000b5cf830:   000000000b5cf920 000000000ab36a70
0x000000000b5cf840:   0000000008b2c7e0 0000000000170000
0x000000000b5cf850:   0000000000000001 000000005f077804
0x000000000b5cf860:   000000000b5cf920 0000000000000000
0x000000000b5cf870:   000000000b5cf950 0000000000000001
0x000000000b5cf880:   000000000000000a 000000005f088d5b 

Instructions: (pc=0x000000005f20f1f0)
0x000000005f20f1d0:   08 8b 0d e1 c6 5c 00 48 d3 e0 48 03 05 cf c6 5c
0x000000005f20f1e0:   00 eb 04 48 8b 40 08 8b 4a 1c 4c 8d 40 10 8b c1
0x000000005f20f1f0:   4a 39 54 01 f0 75 04 b0 01 eb 11 83 f9 28 74 04
0x000000005f20f200:   32 c0 eb 08 49 8b c8 e8 84 35 fe ff 84 c0 40 0f 


Register to memory mapping:

RAX=0x0000000000000040 is an unknown value
RBX=0x0000000008b27800 is a thread
RCX=0x0000000000000040 is an unknown value
RDX=0x00000000bae0ab60 is an oop
{instance class} 
 - klass: {other class}
RSP=0x000000000b5cf790 is pointing into the stack for thread: 0x0000000008b27800
RBP=0x0000000002806e68 is a global jni handle
RSI=0x000000000ab36a70 is an unknown value
RDI=0x000000000ab36a00 is a weak global jni handle
R8 =0x000000000b0b0b1b is pointing into the stack for thread: 0x0000000008b21000
R9 =0x000000000ab14170 is an unknown value
R10=0x0000000000000000 is an unknown value
R11=0x000000000b5cf770 is pointing into the stack for thread: 0x0000000008b27800
R12=0x000000005f0972b8 is an unknown value
R13=0x000000005f09729c is an unknown value
R14=0x000000005f09a4e0 is an unknown value
R15=0x000000000000000a is an unknown value


Stack: [0x000000000b4d0000,0x000000000b5d0000],  sp=0x000000000b5cf790,  free space=1021k
Native frames: (J=compiled Java code, j=interpreted, Vv=VM code, C=native code)
V  [jvm.dll+0x11f1f0]


---------------  P R O C E S S  ---------------

Java Threads: ( => current thread )
  0x000000000adbb000 JavaThread "AWT-Windows" daemon [_thread_in_native, id=7728, stack(0x000000000c1b0000,0x000000000c2b0000)]
  0x000000000adb0800 JavaThread "Java2D Disposer" daemon [_thread_blocked, id=8524, stack(0x000000000bfb0000,0x000000000c0b0000)]
  0x000000000ab39800 JavaThread "Service Thread" daemon [_thread_blocked, id=7836, stack(0x000000000b9d0000,0x000000000bad0000)]
  0x000000000ab35800 JavaThread "C2 CompilerThread1" daemon [_thread_blocked, id=8864, stack(0x000000000b8d0000,0x000000000b9d0000)]
  0x000000000ab2a800 JavaThread "C2 CompilerThread0" daemon [_thread_blocked, id=9764, stack(0x000000000b7d0000,0x000000000b8d0000)]
  0x000000000ab1c800 JavaThread "JDWP Command Reader" daemon [_thread_in_native, id=9200, stack(0x000000000b6d0000,0x000000000b7d0000)]
  0x000000000ab1b800 JavaThread "JDWP Event Helper Thread" daemon [_thread_blocked, id=7908, stack(0x000000000b5d0000,0x000000000b6d0000)]
=>0x0000000008b27800 JavaThread "JDWP Transport Listener: dt_socket" daemon [_thread_in_vm, id=9016, stack(0x000000000b4d0000,0x000000000b5d0000)]
  0x0000000008b21000 JavaThread "Attach Listener" daemon [_thread_blocked, id=9444, stack(0x000000000aff0000,0x000000000b0f0000)]
  0x000000000ab10800 JavaThread "Signal Dispatcher" daemon [_thread_blocked, id=9244, stack(0x000000000aef0000,0x000000000aff0000)]
  0x0000000008b17000 JavaThread "Finalizer" daemon [_thread_blocked, id=8504, stack(0x000000000a9f0000,0x000000000aaf0000)]
  0x0000000008b16000 JavaThread "Reference Handler" daemon [_thread_blocked, id=8664, stack(0x000000000a8f0000,0x000000000a9f0000)]
  0x000000000271e800 JavaThread "main" [_thread_blocked, id=8620, stack(0x00000000025b0000,0x00000000026b0000)]

Other Threads:
  0x0000000008b15000 VMThread [stack: 0x000000000a7f0000,0x000000000a8f0000] [id=8844]
  0x000000000ab2b000 WatcherThread [stack: 0x000000000bad0000,0x000000000bbd0000] [id=8644]

VM state:not at safepoint (normal execution)

VM Mutex/Monitor currently owned by a thread: None

Heap
 PSYoungGen      total 38400K, used 8214K [0x00000000eaa80000, 0x00000000ed500000, 0x0000000100000000)
  eden space 33280K, 24% used [0x00000000eaa80000,0x00000000eb2858b0,0x00000000ecb00000)
  from space 5120K, 0% used [0x00000000ed000000,0x00000000ed000000,0x00000000ed500000)
  to   space 5120K, 0% used [0x00000000ecb00000,0x00000000ecb00000,0x00000000ed000000)
 ParOldGen       total 86528K, used 0K [0x00000000c0000000, 0x00000000c5480000, 0x00000000eaa80000)
  object space 86528K, 0% used [0x00000000c0000000,0x00000000c0000000,0x00000000c5480000)
 PSPermGen       total 21504K, used 7910K [0x00000000bae00000, 0x00000000bc300000, 0x00000000c0000000)
  object space 21504K, 36% used [0x00000000bae00000,0x00000000bb5b9bc8,0x00000000bc300000)

Card table byte_map: [0x00000000058e0000,0x0000000005b10000] byte_map_base: 0x0000000005309000

Polling page: 0x0000000002470000

Code Cache  [0x0000000002820000, 0x0000000002a90000, 0x0000000005820000)
 total_blobs=378 nmethods=9 adapters=330 free_code_cache=48657Kb largest_free_block=49813696

Compilation events (10 events):
Event: 5.983 Thread 0x000000000ab2a800    5             java.lang.Object::<init> (1 bytes)
Event: 5.983 Thread 0x000000000ab2a800 nmethod 5 0x0000000002891190 code [0x00000000028912c0, 0x0000000002891338]
Event: 6.006 Thread 0x000000000ab35800    6             java.lang.String::equals (81 bytes)
Event: 6.009 Thread 0x000000000ab35800 nmethod 6 0x000000000288e510 code [0x000000000288e660, 0x000000000288e978]
Event: 6.017 Thread 0x000000000ab2a800    7             java.lang.String::replace (127 bytes)
Event: 6.023 Thread 0x000000000ab2a800 nmethod 7 0x0000000002894a10 code [0x0000000002894b60, 0x0000000002895058]
Event: 6.547 Thread 0x000000000ab35800    8             java.lang.String::startsWith (72 bytes)
Event: 6.549 Thread 0x000000000ab35800 nmethod 8 0x0000000002891650 code [0x00000000028917a0, 0x0000000002891a18]
Event: 6.562 Thread 0x000000000ab2a800    9             java.lang.String::lastIndexOf (52 bytes)
Event: 6.563 Thread 0x000000000ab2a800 nmethod 9 0x000000000289e350 code [0x000000000289e4a0, 0x000000000289e648]

GC Heap History (0 events):
No events

Deoptimization events (0 events):
No events

Internal exceptions (10 events):
Event: 6.568 Thread 0x000000000271e800 Threw 0x00000000eaf44f18 at C:\re\jdk7u51\527\hotspot\src\share\vm\prims\jvm.cpp:1244
Event: 6.569 Thread 0x000000000271e800 Threw 0x00000000eaf46d20 at C:\re\jdk7u51\527\hotspot\src\share\vm\prims\jvm.cpp:1244
Event: 6.569 Thread 0x000000000271e800 Threw 0x00000000eaf48a70 at C:\re\jdk7u51\527\hotspot\src\share\vm\prims\jvm.cpp:1244
Event: 6.569 Thread 0x000000000271e800 Threw 0x00000000eaf4a6f8 at C:\re\jdk7u51\527\hotspot\src\share\vm\prims\jvm.cpp:1244
Event: 6.569 Thread 0x000000000271e800 Threw 0x00000000eaf4c378 at C:\re\jdk7u51\527\hotspot\src\share\vm\prims\jvm.cpp:1244
Event: 6.569 Thread 0x000000000271e800 Threw 0x00000000eaf4e0c0 at C:\re\jdk7u51\527\hotspot\src\share\vm\prims\jvm.cpp:1244
Event: 6.570 Thread 0x000000000271e800 Threw 0x00000000eaf50060 at C:\re\jdk7u51\527\hotspot\src\share\vm\prims\jvm.cpp:1244
Event: 6.621 Thread 0x000000000271e800 Threw 0x00000000eaf54478 at C:\re\jdk7u51\527\hotspot\src\share\vm\prims\jvm.cpp:1244
Event: 6.622 Thread 0x000000000271e800 Threw 0x00000000eaf56a08 at C:\re\jdk7u51\527\hotspot\src\share\vm\prims\jvm.cpp:1244
Event: 6.622 Thread 0x000000000271e800 Threw 0x00000000eaf5a0a8 at C:\re\jdk7u51\527\hotspot\src\share\vm\prims\jvm.cpp:1244

Events (10 events):
Event: 35.174 Executing VM operation: GetOrSetLocal
Event: 35.174 Executing VM operation: GetOrSetLocal done
Event: 35.174 Executing VM operation: GetOrSetLocal
Event: 35.174 Executing VM operation: GetOrSetLocal done
Event: 35.178 Executing VM operation: GetOrSetLocal
Event: 35.178 Executing VM operation: GetOrSetLocal done
Event: 35.179 Executing VM operation: GetOrSetLocal
Event: 35.179 Executing VM operation: GetOrSetLocal done
Event: 37.565 Executing VM operation: GetOrSetLocal
Event: 37.565 Executing VM operation: GetOrSetLocal done


Dynamic libraries:
0x000007f704f90000 - 0x000007f704fc3000 	C:\Program Files\Java\jre7\bin\javaw.exe
0x000007ff27ac0000 - 0x000007ff27c80000 	C:\Windows\SYSTEM32\ntdll.dll
0x000007ff25160000 - 0x000007ff25296000 	C:\Windows\system32\KERNEL32.DLL
0x000007ff24a40000 - 0x000007ff24b33000 	C:\Windows\system32\KERNELBASE.dll
0x000007ff25780000 - 0x000007ff2585e000 	C:\Windows\system32\ADVAPI32.dll
0x000007ff27840000 - 0x000007ff2798c000 	C:\Windows\system32\USER32.dll
0x000007ff22770000 - 0x000007ff229da000 	C:\Windows\WinSxS\amd64_microsoft.windows.common-controls_6595b64144ccf1df_6.0.9200.16579_none_418ab7ef718b27ef\COMCTL32.dll
0x000007ff25550000 - 0x000007ff255f5000 	C:\Windows\system32\msvcrt.dll
0x000007ff261b0000 - 0x000007ff261f8000 	C:\Windows\SYSTEM32\sechost.dll
0x000007ff25630000 - 0x000007ff25775000 	C:\Windows\system32\RPCRT4.dll
0x000007ff252a0000 - 0x000007ff253e1000 	C:\Windows\system32\GDI32.dll
0x000007ff25f40000 - 0x000007ff25f79000 	C:\Windows\system32\IMM32.DLL
0x000007ff26270000 - 0x000007ff26386000 	C:\Windows\system32\MSCTF.dll
0x000000005f8c0000 - 0x000000005f992000 	C:\Program Files\Java\jre7\bin\msvcr100.dll
0x000000005f0f0000 - 0x000000005f8b9000 	C:\Program Files\Java\jre7\bin\server\jvm.dll
0x000007ff16570000 - 0x000007ff16579000 	C:\Windows\SYSTEM32\WSOCK32.dll
0x000007ff21fa0000 - 0x000007ff21fc0000 	C:\Windows\SYSTEM32\WINMM.dll
0x000007ff25d80000 - 0x000007ff25d87000 	C:\Windows\system32\PSAPI.DLL
0x000007ff25d20000 - 0x000007ff25d78000 	C:\Windows\system32\WS2_32.dll
0x000007ff21d90000 - 0x000007ff21dc3000 	C:\Windows\SYSTEM32\WINMMBASE.dll
0x000007ff25150000 - 0x000007ff25159000 	C:\Windows\system32\NSI.dll
0x000007ff24d80000 - 0x000007ff24dcf000 	C:\Windows\SYSTEM32\cfgmgr32.dll
0x000007ff24e80000 - 0x000007ff24ea2000 	C:\Windows\system32\DEVOBJ.dll
0x000000005f0e0000 - 0x000000005f0ef000 	C:\Program Files\Java\jre7\bin\verify.dll
0x000000005f0b0000 - 0x000000005f0d8000 	C:\Program Files\Java\jre7\bin\java.dll
0x000000005f070000 - 0x000000005f0a5000 	C:\Program Files\Java\jre7\bin\jdwp.dll
0x000000005f060000 - 0x000000005f068000 	C:\Program Files\Java\jre7\bin\npt.dll
0x000000005f040000 - 0x000000005f055000 	C:\Program Files\Java\jre7\bin\zip.dll
0x000000005f030000 - 0x000000005f039000 	C:\Program Files\Java\jre7\bin\dt_socket.dll
0x000007ff135f0000 - 0x000007ff13604000 	C:\Windows\system32\napinsp.dll
0x000007ff13610000 - 0x000007ff13628000 	C:\Windows\system32\pnrpnsp.dll
0x000007ff214d0000 - 0x000007ff214e6000 	C:\Windows\system32\NLAapi.dll
0x000007ff24180000 - 0x000007ff241dc000 	C:\Windows\System32\mswsock.dll
0x000007ff23fc0000 - 0x000007ff24058000 	C:\Windows\SYSTEM32\DNSAPI.dll
0x000007ff13630000 - 0x000007ff13642000 	C:\Windows\System32\winrnr.dll
0x000007ff13650000 - 0x000007ff13664000 	C:\Windows\system32\wshbth.dll
0x000007ff1e680000 - 0x000007ff1e6e1000 	C:\Windows\System32\fwpuclnt.dll
0x000007ff16720000 - 0x000007ff16728000 	C:\Windows\System32\rasadhlp.dll
0x000000005ee50000 - 0x000000005efe5000 	C:\Program Files\Java\jre7\bin\awt.dll
0x000007ff27990000 - 0x000007ff27a53000 	C:\Windows\system32\OLEAUT32.dll
0x000007ff25d90000 - 0x000007ff25f40000 	C:\Windows\system32\combase.dll
0x000007ff1d630000 - 0x000007ff1d6cf000 	C:\Windows\system32\apphelp.dll
0x000007ff23760000 - 0x000007ff23846000 	C:\Windows\system32\uxtheme.dll
0x000007ff22d30000 - 0x000007ff22d51000 	C:\Windows\SYSTEM32\dwmapi.dll
0x000007ff259b0000 - 0x000007ff25b2e000 	C:\Windows\system32\ole32.dll
0x000007ff247b0000 - 0x000007ff247ba000 	C:\Windows\SYSTEM32\CRYPTBASE.dll
0x000007ff24750000 - 0x000007ff247ac000 	C:\Windows\SYSTEM32\bcryptPrimitives.dll
0x000007ff26560000 - 0x000007ff2783f000 	C:\Windows\system32\SHELL32.dll
0x000007ff25b30000 - 0x000007ff25b80000 	C:\Windows\system32\SHLWAPI.dll
0x000007ff23b30000 - 0x000007ff23bc5000 	C:\Windows\SYSTEM32\shcore.dll
0x000007ff10c20000 - 0x000007ff10c70000 	C:\Users\Dave\AppData\Local\Temp\JOCL_0_1_9-windows-x86_64.dll
0x000007ff10be0000 - 0x000007ff10bf3000 	C:\Windows\SYSTEM32\OpenCL.dll
0x000007ff0e820000 - 0x000007ff0efae000 	C:\Windows\SYSTEM32\nvopencl.dll
0x000007ff26390000 - 0x000007ff26560000 	C:\Windows\system32\SETUPAPI.dll
0x000007ff1f900000 - 0x000007ff1fbff000 	C:\Windows\SYSTEM32\nvapi64.dll
0x000007ff20be0000 - 0x000007ff20be9000 	C:\Windows\SYSTEM32\VERSION.dll
0x000007ff24d20000 - 0x000007ff24d75000 	C:\Windows\system32\WINTRUST.dll
0x000007ff24b40000 - 0x000007ff24d11000 	C:\Windows\system32\CRYPT32.dll
0x000007ff24a20000 - 0x000007ff24a36000 	C:\Windows\system32\MSASN1.dll
0x000007ff10b90000 - 0x000007ff10bd2000 	C:\Windows\SYSTEM32\intelopencl64.dll
0x000007ff0c4f0000 - 0x000007ff0c5ed000 	C:\Program Files (x86)\Common Files\Intel\OpenCL\bin\x64\intelocl64.dll
0x000007ff10a10000 - 0x000007ff10a86000 	C:\Program Files (x86)\Common Files\Intel\OpenCL\bin\x64\task_executor64.dll
0x000007ff07ff0000 - 0x000007ff0810f000 	C:\Windows\SYSTEM32\OPENGL32.dll
0x000007ff1dad0000 - 0x000007ff1dafc000 	C:\Windows\SYSTEM32\GLU32.dll
0x000007ff07f00000 - 0x000007ff07fea000 	C:\Windows\SYSTEM32\DDRAW.dll
0x000007ff1dac0000 - 0x000007ff1dac8000 	C:\Windows\SYSTEM32\DCIMAN32.dll
0x000007ff1dba0000 - 0x000007ff1dbce000 	C:\Windows\SYSTEM32\ntmarta.dll
0x000007ff0ff90000 - 0x000007ff1001e000 	C:\Program Files (x86)\Common Files\Intel\OpenCL\bin\x64\cpu_device64.dll
0x000007ff0f290000 - 0x000007ff0f2f9000 	C:\Program Files (x86)\Common Files\Intel\OpenCL\bin\x64\tbb\tbb.dll
0x000007ff21b30000 - 0x000007ff21c93000 	C:\Windows\SYSTEM32\dbghelp.dll

VM Arguments:
jvm_args: -agentlib:jdwp=transport=dt_socket,suspend=y,address=localhost:50492 -Xmx1g -Dfile.encoding=Cp1252 
java_command: edu.mines.jtk.dsp.LocalSmoothingFilter
Launcher Type: SUN_STANDARD

Environment Variables:
JAVA_HOME=C:\Program Files\Java\jdk1.7.0_51
PATH=C:/Program Files/Java/jdk1.7.0_51/bin/../jre/bin/server;C:/Program Files/Java/jdk1.7.0_51/bin/../jre/bin;C:/Program Files/Java/jdk1.7.0_51/bin/../jre/lib/amd64;C:\Program Files\Java\jdk1.7.0_51\bin;C:\Program Files\NVIDIA GPU Computing Toolkit\CUDA\v5.5\bin;C:\Program Files\NVIDIA GPU Computing Toolkit\CUDA\v5.5\libnvvp;C:\Program Files (x86)\NVIDIA Corporation\PhysX\Common;C:\Program Files\Broadcom\Broadcom 802.11 Network Adapter\Driver;C:\Program Files (x86)\Intel\iCLS Client\;C:\Program Files\Intel\iCLS Client\;C:\Windows\system32;C:\Windows;C:\Windows\System32\Wbem;C:\Windows\System32\WindowsPowerShell\v1.0\;C:\Program Files (x86)\Windows Live\Shared;C:\Program Files\Intel\Intel(R) Management Engine Components\DAL;C:\Program Files\Intel\Intel(R) Management Engine Components\IPT;C:\Program Files (x86)\Intel\Intel(R) Management Engine Components\DAL;C:\Program Files (x86)\Intel\Intel(R) Management Engine Components\IPT;C:\Program Files\WIDCOMM\Bluetooth Software\;C:\Program Files\WIDCOMM\Bluetooth Software\syswow64;C:\Program Files\Microsoft\Web Platform Installer\;C:\Program Files (x86)\Microsoft ASP.NET\ASP.NET Web Pages\v1.0\;C:\Program Files (x86)\Windows Kits\8.0\Windows Performance Toolkit\;C:\Program Files\Microsoft SQL Server\110\Tools\Binn\;C:\Program Files (x86)\Microsoft Visual Studio 11.0\VC\bin\x86_amd64\;C:\Program Files\TortoiseSVN\bin;C:\Tools\;C:\Program Files (x86)\MiKTeX 2.9\miktex\bin\;C:\Users\Dave\workspace\jtk\bin;C:\Software\Octave-3.6.4\bin;C:\Program Files (x86)\Intel\OpenCL SDK\3.0\bin\x86;C:\Program Files (x86)\Intel\OpenCL SDK\3.0\bin\x64;c:\users\dave\appdata\local\enthought\canopy\user\scripts;C:\Users\Dave\AppData\Local\Enthought\Canopy\User;C:\Users\Dave\AppData\Local\Enthought\Canopy\User\Scripts;C:\Tools\eclipse;
USERNAME=Dave
OS=Windows_NT
PROCESSOR_IDENTIFIER=Intel64 Family 6 Model 60 Stepping 3, GenuineIntel



---------------  S Y S T E M  ---------------

OS: Windows 8 , 64 bit Build 9200 

CPU:total 8 (4 cores per cpu, 2 threads per core) family 6 model 60 stepping 3, cmov, cx8, fxsr, mmx, sse, sse2, sse3, ssse3, sse4.1, sse4.2, popcnt, avx, avx2, aes, erms, ht, tsc, tscinvbit

Memory: 4k page, physical 8304176k(2901156k free), swap 16430640k(6401636k free)

vm_info: Java HotSpot(TM) 64-Bit Server VM (24.51-b03) for windows-amd64 JRE (1.7.0_51-b13), built on Dec 18 2013 18:40:56 by "java_re" with unknown MS VC++:1600

time: Sat Mar 29 22:05:59 2014
elapsed time: 37 seconds

