#
# A fatal error has been detected by the Java Runtime Environment:
#
#  EXCEPTION_ACCESS_VIOLATION (0xc0000005) at pc=0x000007fae18a16f8, pid=10224, tid=9600
#
# JRE version: Java(TM) SE Runtime Environment (7.0_51-b13) (build 1.7.0_51-b13)
# Java VM: Java HotSpot(TM) 64-Bit Server VM (24.51-b03 mixed mode windows-amd64 compressed oops)
# Problematic frame:
# C  [OpenCL.dll+0x16f8]
#
# Failed to write core dump. Minidumps are not enabled by default on client versions of Windows
#
# If you would like to submit a bug report, please visit:
#   http://bugreport.sun.com/bugreport/crash.jsp
# The crash happened outside the Java Virtual Machine in native code.
# See problematic frame for where to report the bug.
#

---------------  T H R E A D  ---------------

Current thread (0x00000000024b2800):  JavaThread "main" [_thread_in_native, id=9600, stack(0x0000000002390000,0x0000000002490000)]

siginfo: ExceptionCode=0xc0000005, reading address 0x0000000000000070

Registers:
RAX=0x000000000248f420, RBX=0x00000000024b29e8, RCX=0x000000000dec1710, RDX=0x0000000000000004
RSP=0x000000000248f3b0, RBP=0x0000000000000004, RSI=0x000000000248f528, RDI=0x000000000dec1710
R8 =0x00000000000f51e4, R9 =0x0000000000000000, R10=0x0000000000000000, R11=0x0000000000000030
R12=0x0000000000000000, R13=0x000000077c534b80, R14=0x000000000248f528, R15=0x00000000024b2800
RIP=0x000007fae18a16f8, EFLAGS=0x0000000000010202

Top of Stack: (sp=0x000000000248f3b0)
0x000000000248f3b0:   b17217f7d1cf79ac 0000000000003ffe
0x000000000248f3c0:   000000003da9b3e0 0000000000000000
0x000000000248f3d0:   000000000248f420 000000000248f528
0x000000000248f3e0:   00000000024b29e8 000007fad9e59c6d
0x000000000248f3f0:   0000000000000004 0000000000000000
0x000000000248f400:   000000000248f528 0000000000000004
0x000000000248f410:   000000000248f420 0000000000000000
0x000000000248f420:   0000000000000000 000000000d8f0720
0x000000000248f430:   00000007d5cadb00 00000000025c3090
0x000000000248f440:   0000000000000000 000000077c534b80
0x000000000248f450:   000000000248f4d8 0000000000000000
0x000000000248f460:   00000000000f51e4 0000000000000000
0x000000000248f470:   000000000248f4f8 0000000000000000
0x000000000248f480:   0000000000000000 0000000000000000
0x000000000248f490:   0000000000000000 000000000248f498
0x000000000248f4a0:   0000000000000000 000000000248f528 

Instructions: (pc=0x000007fae18a16f8)
0x000007fae18a16d8:   60 48 85 c9 75 12 48 85 c0 74 06 c7 00 de ff ff
0x000007fae18a16e8:   ff 33 c0 48 83 c4 38 c3 4c 8b 11 48 89 44 24 20
0x000007fae18a16f8:   41 ff 52 70 48 83 c4 38 c3 cc cc cc cc cc cc cc
0x000007fae18a1708:   cc cc cc cc cc cc cc cc 48 83 ec 38 48 8b 44 24 


Register to memory mapping:

RAX=0x000000000248f420 is pointing into the stack for thread: 0x00000000024b2800
RBX=0x00000000024b29e8 is an unknown value
RCX=0x000000000dec1710 is an unknown value
RDX=0x0000000000000004 is an unknown value
RSP=0x000000000248f3b0 is pointing into the stack for thread: 0x00000000024b2800
RBP=0x0000000000000004 is an unknown value
RSI=0x000000000248f528 is pointing into the stack for thread: 0x00000000024b2800
RDI=0x000000000dec1710 is an unknown value
R8 =0x00000000000f51e4 is an unknown value
R9 =0x0000000000000000 is an unknown value
R10=0x0000000000000000 is an unknown value
R11=0x0000000000000030 is an unknown value
R12=0x0000000000000000 is an unknown value
R13=0x000000077c534b80 is an oop
{method} 
 - klass: {other class}
R14=0x000000000248f528 is pointing into the stack for thread: 0x00000000024b2800
R15=0x00000000024b2800 is a thread


Stack: [0x0000000002390000,0x0000000002490000],  sp=0x000000000248f3b0,  free space=1020k
Native frames: (J=compiled Java code, j=interpreted, Vv=VM code, C=native code)
C  [OpenCL.dll+0x16f8]

Java frames: (J=compiled Java code, j=interpreted, Vv=VM code)
j  org.jocl.CL.clCreateBufferNative(Lorg/jocl/cl_context;JJLorg/jocl/Pointer;[I)Lorg/jocl/cl_mem;+0
j  org.jocl.CL.clCreateBuffer(Lorg/jocl/cl_context;JJLorg/jocl/Pointer;[I)Lorg/jocl/cl_mem;+46
J  SOS_Random_Bench.main([Ljava/lang/String;)V
v  ~StubRoutines::call_stub

---------------  P R O C E S S  ---------------

Java Threads: ( => current thread )
  0x000000000cead000 JavaThread "AsyncOpThread-1" daemon [_thread_blocked, id=264, stack(0x0000000010960000,0x0000000010a60000)]
  0x000000000d11e000 JavaThread "AsyncOpThread-0" daemon [_thread_blocked, id=8924, stack(0x0000000010860000,0x0000000010960000)]
  0x000000000ad48000 JavaThread "Service Thread" daemon [_thread_blocked, id=2332, stack(0x000000000d520000,0x000000000d620000)]
  0x000000000ad46800 JavaThread "C2 CompilerThread1" daemon [_thread_blocked, id=7996, stack(0x000000000d420000,0x000000000d520000)]
  0x000000000ad45000 JavaThread "C2 CompilerThread0" daemon [_thread_in_native, id=9736, stack(0x000000000d320000,0x000000000d420000)]
  0x000000000ad41000 JavaThread "Attach Listener" daemon [_thread_blocked, id=9812, stack(0x000000000d220000,0x000000000d320000)]
  0x000000000ad3c000 JavaThread "Signal Dispatcher" daemon [_thread_blocked, id=3668, stack(0x000000000d120000,0x000000000d220000)]
  0x000000000ad37800 JavaThread "Finalizer" daemon [_thread_blocked, id=9052, stack(0x000000000cc20000,0x000000000cd20000)]
  0x000000000ad36800 JavaThread "Reference Handler" daemon [_thread_blocked, id=9348, stack(0x000000000cb20000,0x000000000cc20000)]
=>0x00000000024b2800 JavaThread "main" [_thread_in_native, id=9600, stack(0x0000000002390000,0x0000000002490000)]

Other Threads:
  0x000000000ad34800 VMThread [stack: 0x000000000ca20000,0x000000000cb20000] [id=268]
  0x000000000cd5a000 WatcherThread [stack: 0x000000000d620000,0x000000000d720000] [id=9128]

VM state:not at safepoint (normal execution)

VM Mutex/Monitor currently owned by a thread: None

Heap
 PSYoungGen      total 38400K, used 19157K [0x00000007d5c00000, 0x00000007d8680000, 0x0000000800000000)
  eden space 33280K, 57% used [0x00000007d5c00000,0x00000007d6eb5488,0x00000007d7c80000)
  from space 5120K, 0% used [0x00000007d8180000,0x00000007d8180000,0x00000007d8680000)
  to   space 5120K, 0% used [0x00000007d7c80000,0x00000007d7c80000,0x00000007d8180000)
 ParOldGen       total 86528K, used 0K [0x0000000781400000, 0x0000000786880000, 0x00000007d5c00000)
  object space 86528K, 0% used [0x0000000781400000,0x0000000781400000,0x0000000786880000)
 PSPermGen       total 21504K, used 3695K [0x000000077c200000, 0x000000077d700000, 0x0000000781400000)
  object space 21504K, 17% used [0x000000077c200000,0x000000077c59bfe8,0x000000077d700000)

Card table byte_map: [0x0000000005670000,0x0000000005a90000] byte_map_base: 0x0000000001a8f000

Polling page: 0x0000000000b40000

Code Cache  [0x00000000025b0000, 0x0000000002820000, 0x00000000055b0000)
 total_blobs=249 nmethods=12 adapters=190 free_code_cache=48689Kb largest_free_block=49835584

Compilation events (10 events):
Event: 0.522 Thread 0x000000000ad46800    9             java.util.Random::next (47 bytes)
Event: 0.525 Thread 0x000000000ad46800 nmethod 9 0x0000000002618fd0 code [0x0000000002619100, 0x00000000026191f8]
Event: 0.525 Thread 0x000000000ad45000 nmethod 8 0x000000000261af10 code [0x000000000261b080, 0x000000000261b198]
Event: 0.531 Thread 0x000000000ad46800   10 %           SOS_Random_Bench::main @ 631 (3141 bytes)
Event: 0.584 Thread 0x000000000ad46800 nmethod 10% 0x000000000261bfd0 code [0x000000000261c1e0, 0x000000000261ceb8]
Event: 0.618 Thread 0x000000000ad45000   11 %           SOS_Random_Bench::main @ 759 (3141 bytes)
Event: 0.685 Thread 0x000000000ad45000 nmethod 11% 0x000000000261f0d0 code [0x000000000261f300, 0x00000000026206c0]
Event: 2.616 Thread 0x000000000ad46800   12 %           SOS_Random_Bench::main @ 1121 (3141 bytes)
Event: 2.670 Thread 0x000000000ad46800 nmethod 12% 0x0000000002625150 code [0x00000000026253a0, 0x0000000002626840]
Event: 2.670 Thread 0x000000000ad45000   13 %           SOS_Random_Bench::main @ 2956 (3141 bytes)

GC Heap History (0 events):
No events

Deoptimization events (2 events):
Event: 0.611 Thread 0x00000000024b2800 Uncommon trap: reason=unreached action=reinterpret pc=0x000000000261c9a0 method=SOS_Random_Bench.main([Ljava/lang/String;)V @ 1034
Event: 2.611 Thread 0x00000000024b2800 Uncommon trap: reason=unreached action=reinterpret pc=0x0000000002620048 method=SOS_Random_Bench.main([Ljava/lang/String;)V @ 3004

Internal exceptions (10 events):
Event: 0.265 Thread 0x00000000024b2800 Threw 0x00000007d5d0b6a8 at C:\re\jdk7u51\527\hotspot\src\share\vm\prims\jvm.cpp:1244
Event: 0.266 Thread 0x00000000024b2800 Threw 0x00000007d5d0db08 at C:\re\jdk7u51\527\hotspot\src\share\vm\prims\jvm.cpp:1244
Event: 0.267 Thread 0x00000000024b2800 Threw 0x00000007d5d0feb8 at C:\re\jdk7u51\527\hotspot\src\share\vm\prims\jvm.cpp:1244
Event: 0.268 Thread 0x00000000024b2800 Threw 0x00000007d5d124d8 at C:\re\jdk7u51\527\hotspot\src\share\vm\prims\jvm.cpp:1244
Event: 0.269 Thread 0x00000000024b2800 Threw 0x00000007d5d14ad0 at C:\re\jdk7u51\527\hotspot\src\share\vm\prims\jvm.cpp:1244
Event: 0.270 Thread 0x00000000024b2800 Threw 0x00000007d5d17010 at C:\re\jdk7u51\527\hotspot\src\share\vm\prims\jvm.cpp:1244
Event: 0.271 Thread 0x00000000024b2800 Threw 0x00000007d5d19468 at C:\re\jdk7u51\527\hotspot\src\share\vm\prims\jvm.cpp:1244
Event: 0.274 Thread 0x00000000024b2800 Threw 0x00000007d5d1bc30 at C:\re\jdk7u51\527\hotspot\src\share\vm\prims\jvm.cpp:1244
Event: 2.651 Thread 0x00000000024b2800 Threw 0x00000007d62fd5f0 at C:\re\jdk7u51\527\hotspot\src\share\vm\prims\jvm.cpp:1244
Event: 2.654 Thread 0x00000000024b2800 Threw 0x00000007d63003c8 at C:\re\jdk7u51\527\hotspot\src\share\vm\prims\jvm.cpp:1244

Events (10 events):
Event: 2.653 loading class 0x000000000254a5a0
Event: 2.653 loading class 0x000000000254a5a0 done
Event: 2.654 loading class 0x000000000ad4e830
Event: 2.654 loading class 0x000000000ad4e830 done
Event: 2.655 loading class 0x000000000ce00a00
Event: 2.655 loading class 0x000000000ce00a00 done
Event: 2.656 loading class 0x00000000025038b0
Event: 2.656 loading class 0x00000000025038b0 done
Event: 2.656 loading class 0x0000000002524bd0
Event: 2.657 loading class 0x0000000002524bd0 done


Dynamic libraries:
0x000007f7ab840000 - 0x000007f7ab873000 	C:\Program Files\Java\jre7\bin\javaw.exe
0x000007faf6440000 - 0x000007faf6600000 	C:\Windows\SYSTEM32\ntdll.dll
0x000007faf6300000 - 0x000007faf6436000 	C:\Windows\system32\KERNEL32.DLL
0x000007faf3550000 - 0x000007faf3643000 	C:\Windows\system32\KERNELBASE.dll
0x000007faf3c10000 - 0x000007faf3cee000 	C:\Windows\system32\ADVAPI32.dll
0x000007faf3a10000 - 0x000007faf3b5c000 	C:\Windows\system32\USER32.dll
0x000007faf0d50000 - 0x000007faf0fba000 	C:\Windows\WinSxS\amd64_microsoft.windows.common-controls_6595b64144ccf1df_6.0.9200.16579_none_418ab7ef718b27ef\COMCTL32.dll
0x000007faf3e40000 - 0x000007faf3ee5000 	C:\Windows\system32\msvcrt.dll
0x000007faf3950000 - 0x000007faf3998000 	C:\Windows\SYSTEM32\sechost.dll
0x000007faf6170000 - 0x000007faf62b5000 	C:\Windows\system32\RPCRT4.dll
0x000007faf3cf0000 - 0x000007faf3e31000 	C:\Windows\system32\GDI32.dll
0x000007faf62c0000 - 0x000007faf62f9000 	C:\Windows\system32\IMM32.DLL
0x000007faf3830000 - 0x000007faf3946000 	C:\Windows\system32\MSCTF.dll
0x0000000051e00000 - 0x0000000051ed2000 	C:\Program Files\Java\jre7\bin\msvcr100.dll
0x0000000051630000 - 0x0000000051df9000 	C:\Program Files\Java\jre7\bin\server\jvm.dll
0x000007fae4270000 - 0x000007fae4279000 	C:\Windows\SYSTEM32\WSOCK32.dll
0x000007faefd30000 - 0x000007faefd50000 	C:\Windows\SYSTEM32\WINMM.dll
0x000007faf3a00000 - 0x000007faf3a07000 	C:\Windows\system32\PSAPI.DLL
0x000007faf5f90000 - 0x000007faf5fe8000 	C:\Windows\system32\WS2_32.dll
0x000007faefcf0000 - 0x000007faefd23000 	C:\Windows\SYSTEM32\WINMMBASE.dll
0x000007faf4180000 - 0x000007faf4189000 	C:\Windows\system32\NSI.dll
0x000007faf33c0000 - 0x000007faf340f000 	C:\Windows\SYSTEM32\cfgmgr32.dll
0x000007faf3520000 - 0x000007faf3542000 	C:\Windows\system32\DEVOBJ.dll
0x0000000051620000 - 0x000000005162f000 	C:\Program Files\Java\jre7\bin\verify.dll
0x00000000515f0000 - 0x0000000051618000 	C:\Program Files\Java\jre7\bin\java.dll
0x00000000515d0000 - 0x00000000515e5000 	C:\Program Files\Java\jre7\bin\zip.dll
0x000007fad9e50000 - 0x000007fad9ea0000 	C:\Users\Dave\AppData\Local\Temp\JOCL_0_1_9-windows-x86_64.dll
0x000007fae18a0000 - 0x000007fae18b3000 	C:\Windows\SYSTEM32\OpenCL.dll
0x000007fad1340000 - 0x000007fad1ace000 	C:\Windows\SYSTEM32\nvopencl.dll
0x000007faf5dc0000 - 0x000007faf5f90000 	C:\Windows\system32\SETUPAPI.dll
0x000007faf44b0000 - 0x000007faf578f000 	C:\Windows\system32\SHELL32.dll
0x000007faf41a0000 - 0x000007faf4350000 	C:\Windows\SYSTEM32\combase.dll
0x000007faf5880000 - 0x000007faf58d0000 	C:\Windows\system32\SHLWAPI.dll
0x000007faf20e0000 - 0x000007faf21c6000 	C:\Windows\system32\uxtheme.dll
0x000007faeda80000 - 0x000007faedd7f000 	C:\Windows\SYSTEM32\nvapi64.dll
0x000007faf5ff0000 - 0x000007faf616e000 	C:\Windows\system32\ole32.dll
0x000007faf57b0000 - 0x000007faf5873000 	C:\Windows\system32\OLEAUT32.dll
0x000007faf01d0000 - 0x000007faf01d9000 	C:\Windows\SYSTEM32\VERSION.dll
0x000007faf34c0000 - 0x000007faf3515000 	C:\Windows\system32\WINTRUST.dll
0x000007faf3650000 - 0x000007faf3821000 	C:\Windows\system32\CRYPT32.dll
0x000007faf33a0000 - 0x000007faf33b6000 	C:\Windows\system32\MSASN1.dll
0x000007fad9e00000 - 0x000007fad9e42000 	C:\Windows\SYSTEM32\intelopencl64.dll
0x000007fad9310000 - 0x000007fad940d000 	C:\Program Files (x86)\Common Files\Intel\OpenCL\bin\x64\intelocl64.dll
0x000007fad9290000 - 0x000007fad9306000 	C:\Program Files (x86)\Common Files\Intel\OpenCL\bin\x64\task_executor64.dll
0x000007fad9720000 - 0x000007fad983f000 	C:\Windows\SYSTEM32\OPENGL32.dll
0x000007fad9c30000 - 0x000007fad9c5c000 	C:\Windows\SYSTEM32\GLU32.dll
0x000007fad9630000 - 0x000007fad971a000 	C:\Windows\SYSTEM32\DDRAW.dll
0x000007fad9c20000 - 0x000007fad9c28000 	C:\Windows\SYSTEM32\DCIMAN32.dll
0x000007faebfe0000 - 0x000007faec00e000 	C:\Windows\SYSTEM32\ntmarta.dll
0x000007fad71c0000 - 0x000007fad724e000 	C:\Program Files (x86)\Common Files\Intel\OpenCL\bin\x64\cpu_device64.dll
0x000007fad95c0000 - 0x000007fad9629000 	C:\Program Files (x86)\Common Files\Intel\OpenCL\bin\x64\tbb\tbb.dll
0x00000000515b0000 - 0x00000000515c9000 	C:\Program Files\Java\jre7\bin\net.dll
0x000007faf2b40000 - 0x000007faf2b9c000 	C:\Windows\system32\mswsock.dll
0x0000000051590000 - 0x00000000515a1000 	C:\Program Files\Java\jre7\bin\nio.dll
0x000007fad9450000 - 0x000007fad95b3000 	C:\Windows\SYSTEM32\dbghelp.dll

VM Arguments:
jvm_args: -Dfile.encoding=Cp1252 
java_command: SOS_Random_Bench
Launcher Type: SUN_STANDARD

Environment Variables:
JAVA_HOME=C:\Program Files\Java\jdk1.7.0_51
PATH=C:/Program Files/Java/jdk1.7.0_51/bin/../jre/bin/server;C:/Program Files/Java/jdk1.7.0_51/bin/../jre/bin;C:/Program Files/Java/jdk1.7.0_51/bin/../jre/lib/amd64;C:\Program Files\Java\jdk1.7.0_51\bin;C:\Program Files\NVIDIA GPU Computing Toolkit\CUDA\v5.5\bin;C:\Program Files\NVIDIA GPU Computing Toolkit\CUDA\v5.5\libnvvp;C:\Program Files (x86)\NVIDIA Corporation\PhysX\Common;C:\Program Files\Broadcom\Broadcom 802.11 Network Adapter\Driver;C:\Program Files (x86)\Intel\iCLS Client\;C:\Program Files\Intel\iCLS Client\;C:\Windows\system32;C:\Windows;C:\Windows\System32\Wbem;C:\Windows\System32\WindowsPowerShell\v1.0\;C:\Program Files (x86)\Windows Live\Shared;C:\Program Files\Intel\Intel(R) Management Engine Components\DAL;C:\Program Files\Intel\Intel(R) Management Engine Components\IPT;C:\Program Files (x86)\Intel\Intel(R) Management Engine Components\DAL;C:\Program Files (x86)\Intel\Intel(R) Management Engine Components\IPT;C:\Program Files\WIDCOMM\Bluetooth Software\;C:\Program Files\WIDCOMM\Bluetooth Software\syswow64;C:\Program Files\Microsoft\Web Platform Installer\;C:\Program Files (x86)\Microsoft ASP.NET\ASP.NET Web Pages\v1.0\;C:\Program Files (x86)\Windows Kits\8.0\Windows Performance Toolkit\;C:\Program Files\Microsoft SQL Server\110\Tools\Binn\;C:\Program Files (x86)\Microsoft Visual Studio 11.0\VC\bin\x86_amd64\;C:\Program Files\TortoiseSVN\bin;C:\Tools\;C:\Program Files (x86)\MiKTeX 2.9\miktex\bin\;C:\Program Files (x86)\Intel\OpenCL SDK\3.0\bin\x86;C:\Program Files (x86)\Intel\OpenCL SDK\3.0\bin\x64;C:\Users\Dave\workspace\jtk\bin;c:\users\dave\appdata\local\enthought\canopy\user\scripts;C:\Users\Dave\AppData\Local\Enthought\Canopy\User;C:\Users\Dave\AppData\Local\Enthought\Canopy\User\Scripts;C:\Tools\eclipse;
USERNAME=Dave
OS=Windows_NT
PROCESSOR_IDENTIFIER=Intel64 Family 6 Model 60 Stepping 3, GenuineIntel



---------------  S Y S T E M  ---------------

OS: Windows 8 , 64 bit Build 9200 

CPU:total 8 (4 cores per cpu, 2 threads per core) family 6 model 60 stepping 3, cmov, cx8, fxsr, mmx, sse, sse2, sse3, ssse3, sse4.1, sse4.2, popcnt, avx, avx2, aes, erms, ht, tsc, tscinvbit

Memory: 4k page, physical 8304176k(4604316k free), swap 15906352k(9922156k free)

vm_info: Java HotSpot(TM) 64-Bit Server VM (24.51-b03) for windows-amd64 JRE (1.7.0_51-b13), built on Dec 18 2013 18:40:56 by "java_re" with unknown MS VC++:1600

time: Wed Mar 26 19:48:37 2014
elapsed time: 2 seconds

