C:\USERS\DAVE\DOCUMENTS\VISUAL STUDIO 2012\PROJECTS\SENIOR_DESIGN\SENIOR_DESIGN_MULITHREADCPU\DEBUG\ARRAYSUMTOTAL.OBJ
C:\USERS\DAVE\DOCUMENTS\VISUAL STUDIO 2012\PROJECTS\SENIOR_DESIGN\SENIOR_DESIGN_MULITHREADCPU\DEBUG\STOPWATCH.OBJ
C:\USERS\DAVE\DOCUMENTS\VISUAL STUDIO 2012\PROJECTS\SENIOR_DESIGN\SENIOR_DESIGN_MULITHREADCPU\DEBUG\VC110.PDB
C:\USERS\DAVE\DOCUMENTS\VISUAL STUDIO 2012\PROJECTS\SENIOR_DESIGN\DEBUG\SENIOR_DESIGN_MULITHREADCPU.EXE
C:\USERS\DAVE\DOCUMENTS\VISUAL STUDIO 2012\PROJECTS\SENIOR_DESIGN\DEBUG\SENIOR_DESIGN_MULITHREADCPU.PDB
C:\Users\Dave\Documents\Visual Studio 2012\Projects\Senior_Design\Senior_Design_MuliThreadCPU\simple.out
C:\Users\Dave\Documents\Visual Studio 2012\Projects\Senior_Design\Senior_Design_MuliThreadCPU\winflopf16mem.out
C:\Users\Dave\Documents\Visual Studio 2012\Projects\Senior_Design\Senior_Design_MuliThreadCPU\winflopf16memfma.out
C:\Users\Dave\Documents\Visual Studio 2012\Projects\Senior_Design\Senior_Design_MuliThreadCPU\winfloptmem.out
C:\Users\Dave\Documents\Visual Studio 2012\Projects\Senior_Design\Senior_Design_MuliThreadCPU\Debug\ArraySumTotal.obj
C:\Users\Dave\Documents\Visual Studio 2012\Projects\Senior_Design\Senior_Design_MuliThreadCPU\Debug\Stopwatch.obj
C:\Users\Dave\Documents\Visual Studio 2012\Projects\Senior_Design\Senior_Design_MuliThreadCPU\Debug\cl.command.1.tlog
C:\Users\Dave\Documents\Visual Studio 2012\Projects\Senior_Design\Senior_Design_MuliThreadCPU\Debug\CL.read.1.tlog
C:\Users\Dave\Documents\Visual Studio 2012\Projects\Senior_Design\Senior_Design_MuliThreadCPU\Debug\CL.write.1.tlog
C:\Users\Dave\Documents\Visual Studio 2012\Projects\Senior_Design\Senior_Design_MuliThreadCPU\Debug\link-cvtres.read.1.tlog
C:\Users\Dave\Documents\Visual Studio 2012\Projects\Senior_Design\Senior_Design_MuliThreadCPU\Debug\link-cvtres.write.1.tlog
C:\Users\Dave\Documents\Visual Studio 2012\Projects\Senior_Design\Senior_Design_MuliThreadCPU\Debug\link-rc.read.1.tlog
C:\Users\Dave\Documents\Visual Studio 2012\Projects\Senior_Design\Senior_Design_MuliThreadCPU\Debug\link-rc.write.1.tlog
C:\Users\Dave\Documents\Visual Studio 2012\Projects\Senior_Design\Senior_Design_MuliThreadCPU\Debug\link.command.1.tlog
C:\Users\Dave\Documents\Visual Studio 2012\Projects\Senior_Design\Senior_Design_MuliThreadCPU\Debug\link.read.1.tlog
C:\Users\Dave\Documents\Visual Studio 2012\Projects\Senior_Design\Senior_Design_MuliThreadCPU\Debug\link.write.1.tlog
C:\Users\Dave\Documents\Visual Studio 2012\Projects\Senior_Design\Senior_Design_MuliThreadCPU\Debug\Senior_Design_MuliThreadCPU.write.1.tlog
C:\Users\Dave\Documents\Visual Studio 2012\Projects\Senior_Design\Senior_Design_MuliThreadCPU\Debug\vc110.idb
C:\Users\Dave\Documents\Visual Studio 2012\Projects\Senior_Design\Senior_Design_MuliThreadCPU\Debug\vc110.pdb
C:\Users\Dave\Documents\Visual Studio 2012\Projects\Senior_Design\Debug\Senior_Design_MuliThreadCPU.pdb
C:\Users\Dave\Documents\Visual Studio 2012\Projects\Senior_Design\Debug\Senior_Design_MuliThreadCPU.exe
