  
  C:\Users\Dave\Documents\Visual Studio 2012\Projects\Senior_Design\Senior_DesignCUDA.cu>"C:\Program Files\NVIDIA GPU Computing Toolkit\CUDA\v5.5\bin\nvcc.exe" -ccbin "C:\Program Files (x86)\Microsoft Visual Studio 11.0\VC\bin"  -I"C:\Program Files\NVIDIA GPU Computing Toolkit\CUDA\v5.5\include" -I"C:\Program Files\NVIDIA GPU Computing Toolkit\CUDA\v5.5\include"     --keep-dir Release -maxrregcount=0  --machine 32 --compile      -DWIN32 -DNDEBUG -D_CONSOLE -D_MBCS -Xcompiler "/EHsc /W3 /nologo /O2 /Zi  /MD  " -o Release\kernel.cu.obj "C:\Users\Dave\Documents\Visual Studio 2012\Projects\Senior_Design\Senior_DesignCUDA.cu\kernel.cu" -clean 
  Compiling CUDA source file kernel.cu...
  
  C:\Users\Dave\Documents\Visual Studio 2012\Projects\Senior_Design\Senior_DesignCUDA.cu>"C:\Program Files\NVIDIA GPU Computing Toolkit\CUDA\v5.5\bin\nvcc.exe" -gencode=arch=compute_30,code=\"sm_30,compute_30\" --use-local-env --cl-version 2012 -ccbin "C:\Program Files (x86)\Microsoft Visual Studio 11.0\VC\bin"  -I"C:\Program Files\NVIDIA GPU Computing Toolkit\CUDA\v5.5\include" -I"C:\Program Files\NVIDIA GPU Computing Toolkit\CUDA\v5.5\include"     --keep-dir Release -maxrregcount=0  --machine 32 --compile -cudart static     -DWIN32 -DNDEBUG -D_CONSOLE -D_MBCS -Xcompiler "/EHsc /W3 /nologo /O2 /Zi  /MD  " -o Release\kernel.cu.obj "C:\Users\Dave\Documents\Visual Studio 2012\Projects\Senior_Design\Senior_DesignCUDA.cu\kernel.cu" 
C:/Users/Dave/Documents/Visual Studio 2012/Projects/Senior_Design/Senior_DesignCUDA.cu/kernel.cu(93): warning : variable "d_zz" was declared but never referenced
C:/Users/Dave/Documents/Visual Studio 2012/Projects/Senior_Design/Senior_DesignCUDA.cu/kernel.cu(93): warning : variable "d_zz" was declared but never referenced
C:/Users/Dave/Documents/Visual Studio 2012/Projects/Senior_Design/Senior_DesignCUDA.cu/kernel.cu(69): warning C4244: '=' : conversion from 'int' to 'float', possible loss of data
C:/Users/Dave/Documents/Visual Studio 2012/Projects/Senior_Design/Senior_DesignCUDA.cu/kernel.cu(70): warning C4244: '=' : conversion from 'int' to 'float', possible loss of data
C:/Users/Dave/Documents/Visual Studio 2012/Projects/Senior_Design/Senior_DesignCUDA.cu/kernel.cu(215): warning C4244: 'initializing' : conversion from 'double' to 'float', possible loss of data
C:/Users/Dave/Documents/Visual Studio 2012/Projects/Senior_Design/Senior_DesignCUDA.cu/kernel.cu(93): warning C4101: 'd_zz' : unreferenced local variable
  Stopwatch.cpp
..\Senior_Design\Stopwatch.cpp(16): warning C4244: '=' : conversion from 'time_t' to 'long', possible loss of data
..\Senior_Design\Stopwatch.cpp(24): warning C4244: '+=' : conversion from 'time_t' to 'long', possible loss of data
..\Senior_Design\Stopwatch.cpp(43): warning C4244: 'return' : conversion from 'time_t' to 'long', possible loss of data
  Generating code
  Finished generating code
  Senior_DesignCUDA.cu.vcxproj -> C:\Users\Dave\Documents\Visual Studio 2012\Projects\Senior_Design\Release\Senior_DesignCUDA.cu.exe
  copy "C:\Program Files\NVIDIA GPU Computing Toolkit\CUDA\v5.5\bin\cudart*.dll" "C:\Users\Dave\Documents\Visual Studio 2012\Projects\Senior_Design\Release\"
  C:\Program Files\NVIDIA GPU Computing Toolkit\CUDA\v5.5\bin\cudart32_55.dll
  C:\Program Files\NVIDIA GPU Computing Toolkit\CUDA\v5.5\bin\cudart64_55.dll
          2 file(s) copied.
