C:\USERS\DAVE\DOCUMENTS\VISUAL STUDIO 2012\PROJECTS\SENIOR_DESIGN\SENIOR_DESIGNCUDA.CU\RELEASE\STOPWATCH.OBJ
C:\USERS\DAVE\DOCUMENTS\VISUAL STUDIO 2012\PROJECTS\SENIOR_DESIGN\SENIOR_DESIGNCUDA.CU\RELEASE\VC110.PDB
C:\USERS\DAVE\DOCUMENTS\VISUAL STUDIO 2012\PROJECTS\SENIOR_DESIGN\RELEASE\SENIOR_DESIGNCUDA.CU.EXE
C:\USERS\DAVE\DOCUMENTS\VISUAL STUDIO 2012\PROJECTS\SENIOR_DESIGN\RELEASE\SENIOR_DESIGNCUDA.CU.PDB
C:\Users\Dave\Documents\Visual Studio 2012\Projects\Senior_Design\Senior_DesignCUDA.cu\Release\kernel.cu.cache
C:\Users\Dave\Documents\Visual Studio 2012\Projects\Senior_Design\Senior_DesignCUDA.cu\Release\kernel.cu.obj
C:\Users\Dave\Documents\Visual Studio 2012\Projects\Senior_Design\Senior_DesignCUDA.cu\Release\Stopwatch.obj
C:\Users\Dave\Documents\Visual Studio 2012\Projects\Senior_Design\Senior_DesignCUDA.cu\Release\cl.command.1.tlog
C:\Users\Dave\Documents\Visual Studio 2012\Projects\Senior_Design\Senior_DesignCUDA.cu\Release\CL.read.1.tlog
C:\Users\Dave\Documents\Visual Studio 2012\Projects\Senior_Design\Senior_DesignCUDA.cu\Release\CL.write.1.tlog
C:\Users\Dave\Documents\Visual Studio 2012\Projects\Senior_Design\Senior_DesignCUDA.cu\Release\link-cvtres.read.1.tlog
C:\Users\Dave\Documents\Visual Studio 2012\Projects\Senior_Design\Senior_DesignCUDA.cu\Release\link-cvtres.write.1.tlog
C:\Users\Dave\Documents\Visual Studio 2012\Projects\Senior_Design\Senior_DesignCUDA.cu\Release\link-rc.read.1.tlog
C:\Users\Dave\Documents\Visual Studio 2012\Projects\Senior_Design\Senior_DesignCUDA.cu\Release\link-rc.write.1.tlog
C:\Users\Dave\Documents\Visual Studio 2012\Projects\Senior_Design\Senior_DesignCUDA.cu\Release\link.command.1.tlog
C:\Users\Dave\Documents\Visual Studio 2012\Projects\Senior_Design\Senior_DesignCUDA.cu\Release\link.read.1.tlog
C:\Users\Dave\Documents\Visual Studio 2012\Projects\Senior_Design\Senior_DesignCUDA.cu\Release\link.write.1.tlog
C:\Users\Dave\Documents\Visual Studio 2012\Projects\Senior_Design\Senior_DesignCUDA.cu\Release\vc110.pdb
C:\Users\Dave\Documents\Visual Studio 2012\Projects\Senior_Design\Release\Senior_DesignCUDA.cu.pdb
C:\Users\Dave\Documents\Visual Studio 2012\Projects\Senior_Design\Release\Senior_DesignCUDA.cu.exe
