C:\USERS\DAVE\DOCUMENTS\VISUAL STUDIO 2012\PROJECTS\SENIOR_DESIGN\SIMPLEINDEX\DEBUG\SIMPLE2DINDEX.OBJ
C:\USERS\DAVE\DOCUMENTS\VISUAL STUDIO 2012\PROJECTS\SENIOR_DESIGN\SIMPLEINDEX\DEBUG\VC110.PDB
C:\USERS\DAVE\DOCUMENTS\VISUAL STUDIO 2012\PROJECTS\SENIOR_DESIGN\DEBUG\SIMPLEINDEX.ILK
C:\USERS\DAVE\DOCUMENTS\VISUAL STUDIO 2012\PROJECTS\SENIOR_DESIGN\DEBUG\SIMPLEINDEX.EXE
C:\USERS\DAVE\DOCUMENTS\VISUAL STUDIO 2012\PROJECTS\SENIOR_DESIGN\DEBUG\SIMPLEINDEX.PDB
C:\Users\Dave\Documents\Visual Studio 2012\Projects\Senior_Design\SimpleIndex\Debug\Simple2DIndex.obj
C:\Users\Dave\Documents\Visual Studio 2012\Projects\Senior_Design\SimpleIndex\Debug\cl.command.1.tlog
C:\Users\Dave\Documents\Visual Studio 2012\Projects\Senior_Design\SimpleIndex\Debug\CL.read.1.tlog
C:\Users\Dave\Documents\Visual Studio 2012\Projects\Senior_Design\SimpleIndex\Debug\CL.write.1.tlog
C:\Users\Dave\Documents\Visual Studio 2012\Projects\Senior_Design\SimpleIndex\Debug\link-cvtres.read.1.tlog
C:\Users\Dave\Documents\Visual Studio 2012\Projects\Senior_Design\SimpleIndex\Debug\link-cvtres.write.1.tlog
C:\Users\Dave\Documents\Visual Studio 2012\Projects\Senior_Design\SimpleIndex\Debug\link-rc.read.1.tlog
C:\Users\Dave\Documents\Visual Studio 2012\Projects\Senior_Design\SimpleIndex\Debug\link-rc.write.1.tlog
C:\Users\Dave\Documents\Visual Studio 2012\Projects\Senior_Design\SimpleIndex\Debug\link.command.1.tlog
C:\Users\Dave\Documents\Visual Studio 2012\Projects\Senior_Design\SimpleIndex\Debug\link.read.1.tlog
C:\Users\Dave\Documents\Visual Studio 2012\Projects\Senior_Design\SimpleIndex\Debug\link.write.1.tlog
C:\Users\Dave\Documents\Visual Studio 2012\Projects\Senior_Design\SimpleIndex\Debug\vc110.idb
C:\Users\Dave\Documents\Visual Studio 2012\Projects\Senior_Design\SimpleIndex\Debug\vc110.pdb
C:\Users\Dave\Documents\Visual Studio 2012\Projects\Senior_Design\Debug\SimpleIndex.pdb
C:\Users\Dave\Documents\Visual Studio 2012\Projects\Senior_Design\Debug\SimpleIndex.exe
C:\Users\Dave\Documents\Visual Studio 2012\Projects\Senior_Design\Debug\SimpleIndex.ilk
