#
# A fatal error has been detected by the Java Runtime Environment:
#
#  EXCEPTION_ACCESS_VIOLATION (0xc0000005) at pc=0x000000005f130bc0, pid=8052, tid=2336
#
# JRE version: Java(TM) SE Runtime Environment (7.0_51-b13) (build 1.7.0_51-b13)
# Java VM: Java HotSpot(TM) 64-Bit Server VM (24.51-b03 mixed mode windows-amd64 compressed oops)
# Problematic frame:
# V  [jvm.dll+0x40bc0]
#
# Failed to write core dump. Minidumps are not enabled by default on client versions of Windows
#
# If you would like to submit a bug report, please visit:
#   http://bugreport.sun.com/bugreport/crash.jsp
#

---------------  T H R E A D  ---------------

Current thread (0x0000000002a2d000):  GCTaskThread [stack: 0x0000000006260000,0x0000000006360000] [id=2336]

siginfo: ExceptionCode=0xc0000005, reading address 0x00000000ff00ff18

Registers:
RAX=0x0000000000000000, RBX=0x00000000eca883d0, RCX=0x00000000eca883d0, RDX=0x00000000ff00ff10
RSP=0x000000000635fc28, RBP=0x0000000000000000, RSI=0x0000000008e012b0, RDI=0x000000000b1171e0
R8 =0x0000000008e012b0, R9 =0x000000005f6af048, R10=0x0000000000000000, R11=0x0000000000000246
R12=0x000000005f6af060, R13=0xff00ff00ff00ff00, R14=0x0000000000000000, R15=0x0000000002a2d870
RIP=0x000000005f130bc0, EFLAGS=0x0000000000010202

Top of Stack: (sp=0x000000000635fc28)
0x000000000635fc28:   000000005f48c216 000000000000089d
0x000000000635fc38:   00000000cbaadad8 0000000001e68ee1
0x000000000635fc48:   000000005f47f1b0 0000000000000000
0x000000000635fc58:   000000005f489f4e 00000000c9128950
0x000000000635fc68:   000000005f1dd853 0000000000000000
0x000000000635fc78:   0000000002a27d01 000000005f6af060
0x000000000635fc88:   000000005f48c5a0 00000000c912e8e4
0x000000000635fc98:   0000000000000000 0000000008e012b0
0x000000000635fca8:   000000000b1171e0 00000000c912e8e4
0x000000000635fcb8:   000000005f48cfe5 00000000c912e9f0
0x000000000635fcc8:   000000005f47b45e 0000000005c41975
0x000000000635fcd8:   000007ff24a4152c 00000000c912ea00
0x000000000635fce8:   000000005f2bce6d 0000000005c41c00
0x000000000635fcf8:   0000000002a2d860 000000000b005200
0x000000000635fd08:   000000005f19bd2a 0000000002a11c50
0x000000000635fd18:   000000005f2c3712 0000000002a2d000 

Instructions: (pc=0x000000005f130bc0)
0x000000005f130ba0:   0d 44 0f b7 c0 48 83 c1 40 e8 b6 e3 50 00 48 83
0x000000005f130bb0:   c4 28 c3 cc cc cc cc cc cc cc cc cc cc cc cc cc
0x000000005f130bc0:   44 8b 42 08 4c 8b ca 45 85 c0 7e 0e 41 f6 c0 01
0x000000005f130bd0:   75 57 41 c1 f8 03 41 8b c0 c3 79 4d 80 3d 55 a0 


Register to memory mapping:

RAX=0x0000000000000000 is an unknown value
RBX=0x00000000eca883d0 is an unknown value
RCX=0x00000000eca883d0 is an unknown value
RDX=0x00000000ff00ff10 is an unallocated location in the heap
RSP=0x000000000635fc28 is an unknown value
RBP=0x0000000000000000 is an unknown value
RSI=0x0000000008e012b0 is an unknown value
RDI=0x000000000b1171e0 is an unknown value
R8 =0x0000000008e012b0 is an unknown value
R9 =0x000000005f6af048 is an unknown value
R10=0x0000000000000000 is an unknown value
R11=0x0000000000000246 is an unknown value
R12=0x000000005f6af060 is an unknown value
R13=0xff00ff00ff00ff00 is an unknown value
R14=0x0000000000000000 is an unknown value
R15=0x0000000002a2d870 is an unknown value


Stack: [0x0000000006260000,0x0000000006360000],  sp=0x000000000635fc28,  free space=1023k
Native frames: (J=compiled Java code, j=interpreted, Vv=VM code, C=native code)
V  [jvm.dll+0x40bc0]

[error occurred during error reporting (printing native stack), id 0xc0000005]


---------------  P R O C E S S  ---------------

Java Threads: ( => current thread )
  0x000000000b1f9000 JavaThread "AsyncOpThread-1" daemon [_thread_blocked, id=7552, stack(0x000000000fd10000,0x000000000fe10000)]
  0x000000000d183000 JavaThread "AsyncOpThread-0" daemon [_thread_blocked, id=7932, stack(0x000000000fc10000,0x000000000fd10000)]
  0x000000000af5b000 JavaThread "AWT-Windows" daemon [_thread_in_native, id=3756, stack(0x000000000bde0000,0x000000000bee0000)]
  0x000000000af55800 JavaThread "AWT-Shutdown" [_thread_blocked, id=7740, stack(0x000000000bce0000,0x000000000bde0000)]
  0x000000000b0ee800 JavaThread "Java2D Disposer" daemon [_thread_blocked, id=1008, stack(0x000000000bbe0000,0x000000000bce0000)]
  0x000000000ae21000 JavaThread "Service Thread" daemon [_thread_blocked, id=7348, stack(0x000000000b600000,0x000000000b700000)]
  0x0000000002b0b800 JavaThread "C2 CompilerThread1" daemon [_thread_blocked, id=3004, stack(0x000000000b500000,0x000000000b600000)]
  0x0000000002b00000 JavaThread "C2 CompilerThread0" daemon [_thread_blocked, id=3792, stack(0x000000000b400000,0x000000000b500000)]
  0x0000000002aff000 JavaThread "Attach Listener" daemon [_thread_blocked, id=6112, stack(0x000000000b300000,0x000000000b400000)]
  0x000000000ae20800 JavaThread "Signal Dispatcher" daemon [_thread_blocked, id=6644, stack(0x000000000b200000,0x000000000b300000)]
  0x0000000008e0d000 JavaThread "Finalizer" daemon [_thread_blocked, id=5104, stack(0x000000000ad00000,0x000000000ae00000)]
  0x0000000008e06800 JavaThread "Reference Handler" daemon [_thread_blocked, id=6684, stack(0x000000000ac00000,0x000000000ad00000)]
  0x0000000002a12800 JavaThread "main" [_thread_blocked, id=8140, stack(0x00000000028e0000,0x00000000029e0000)]

Other Threads:
  0x0000000008e04800 VMThread [stack: 0x000000000ab00000,0x000000000ac00000] [id=2456]
  0x0000000002b0e800 WatcherThread [stack: 0x000000000b700000,0x000000000b800000] [id=7264]

=>0x0000000002a2d000 (exited) GCTaskThread [stack: 0x0000000006260000,0x0000000006360000] [id=2336]

VM state:at safepoint (normal execution)

VM Mutex/Monitor currently owned by a thread:  ([mutex/lock_event])
[0x0000000002a0cb90] Threads_lock - owner thread: 0x0000000008e04800
[0x0000000002a0d390] Heap_lock - owner thread: 0x0000000002a12800

Heap
 PSYoungGen      total 109568K, used 104448K [0x00000000eaa80000, 0x00000000fcc00000, 0x0000000100000000)
  eden space 104448K, 100% used [0x00000000eaa80000,0x00000000f1080000,0x00000000f1080000)
  from space 5120K, 0% used [0x00000000f1080000,0x00000000f1080000,0x00000000f1580000)
  to   space 67584K, 22% used [0x00000000f8a00000,0x00000000f9898000,0x00000000fcc00000)
 ParOldGen       total 312832K, used 148721K [0x00000000c0000000, 0x00000000d3180000, 0x00000000eaa80000)
  object space 312832K, 47% used [0x00000000c0000000,0x00000000c913c428,0x00000000d3180000)
 PSPermGen       total 21504K, used 7823K [0x00000000bae00000, 0x00000000bc300000, 0x00000000c0000000)
  object space 21504K, 36% used [0x00000000bae00000,0x00000000bb5a3f18,0x00000000bc300000)

Card table byte_map: [0x0000000005bd0000,0x0000000005e00000] byte_map_base: 0x00000000055f9000

Polling page: 0x0000000001130000

Code Cache  [0x0000000002b10000, 0x0000000002d80000, 0x0000000005b10000)
 total_blobs=404 nmethods=27 adapters=330 free_code_cache=48615Kb largest_free_block=49763584

Compilation events (10 events):
Event: 0.521 Thread 0x0000000002b00000   23 %           edu.mines.jtk.util.CLUtil::unPackTensor @ 21 (158 bytes)
Event: 0.525 Thread 0x0000000002b00000 nmethod 23% 0x0000000002b92c90 code [0x0000000002b92de0, 0x0000000002b93218]
Event: 0.606 Thread 0x0000000002b0b800   24 %           edu.mines.jtk.dsp.LocalSmoothingFilter::wscopy @ 5 (21 bytes)
Event: 0.607 Thread 0x0000000002b0b800 nmethod 24% 0x0000000002b97450 code [0x0000000002b975a0, 0x0000000002b97758]
Event: 0.631 Thread 0x0000000002b00000   25 %           edu.mines.jtk.util.CLUtil::unPackArray @ 17 (52 bytes)
Event: 0.635 Thread 0x0000000002b00000 nmethod 25% 0x0000000002b98a10 code [0x0000000002b98b60, 0x0000000002b98eb8]
Event: 0.638 Thread 0x0000000002b0b800   26             edu.mines.jtk.dsp.LocalSmoothingFilter::smoothS (270 bytes)
Event: 0.653 Thread 0x0000000002b0b800 nmethod 26 0x0000000002b99210 code [0x0000000002b993c0, 0x0000000002b9a1b8]
Event: 0.654 Thread 0x0000000002b00000   27             edu.mines.jtk.util.ArrayMath$2::apply (34 bytes)
Event: 0.656 Thread 0x0000000002b00000 nmethod 27 0x0000000002b986d0 code [0x0000000002b98800, 0x0000000002b98958]

GC Heap History (10 events):
Event: 0.314 GC heap after
Heap after GC invocations=4 (full 1):
 PSYoungGen      total 71680K, used 5120K [0x00000000eaa80000, 0x00000000f1e80000, 0x0000000100000000)
  eden space 66560K, 0% used [0x00000000eaa80000,0x00000000eaa80000,0x00000000eeb80000)
  from space 5120K, 100% used [0x00000000eeb80000,0x00000000ef080000,0x00000000ef080000)
  to   space 5120K, 0% used [0x00000000f1980000,0x00000000f1980000,0x00000000f1e80000)
 ParOldGen       total 139776K, used 112136K [0x00000000c0000000, 0x00000000c8880000, 0x00000000eaa80000)
  object space 139776K, 80% used [0x00000000c0000000,0x00000000c6d82140,0x00000000c8880000)
 PSPermGen       total 21504K, used 7448K [0x00000000bae00000, 0x00000000bc300000, 0x00000000c0000000)
  object space 21504K, 34% used [0x00000000bae00000,0x00000000bb5462f8,0x00000000bc300000)
}
Event: 0.314 GC heap before
{Heap before GC invocations=5 (full 2):
 PSYoungGen      total 71680K, used 5120K [0x00000000eaa80000, 0x00000000f1e80000, 0x0000000100000000)
  eden space 66560K, 0% used [0x00000000eaa80000,0x00000000eaa80000,0x00000000eeb80000)
  from space 5120K, 100% used [0x00000000eeb80000,0x00000000ef080000,0x00000000ef080000)
  to   space 5120K, 0% used [0x00000000f1980000,0x00000000f1980000,0x00000000f1e80000)
 ParOldGen       total 139776K, used 112136K [0x00000000c0000000, 0x00000000c8880000, 0x00000000eaa80000)
  object space 139776K, 80% used [0x00000000c0000000,0x00000000c6d82140,0x00000000c8880000)
 PSPermGen       total 21504K, used 7448K [0x00000000bae00000, 0x00000000bc300000, 0x00000000c0000000)
  object space 21504K, 34% used [0x00000000bae00000,0x00000000bb5462f8,0x00000000bc300000)
Event: 0.335 GC heap after
Heap after GC invocations=5 (full 2):
 PSYoungGen      total 71680K, used 0K [0x00000000eaa80000, 0x00000000f1e80000, 0x0000000100000000)
  eden space 66560K, 0% used [0x00000000eaa80000,0x00000000eaa80000,0x00000000eeb80000)
  from space 5120K, 0% used [0x00000000eeb80000,0x00000000eeb80000,0x00000000ef080000)
  to   space 5120K, 0% used [0x00000000f1980000,0x00000000f1980000,0x00000000f1e80000)
 ParOldGen       total 211456K, used 99549K [0x00000000c0000000, 0x00000000cce80000, 0x00000000eaa80000)
  object space 211456K, 47% used [0x00000000c0000000,0x00000000c61376c8,0x00000000cce80000)
 PSPermGen       total 21504K, used 7448K [0x00000000bae00000, 0x00000000bc300000, 0x00000000c0000000)
  object space 21504K, 34% used [0x00000000bae00000,0x00000000bb5462f8,0x00000000bc300000)
}
Event: 0.424 GC heap before
{Heap before GC invocations=6 (full 2):
 PSYoungGen      total 71680K, used 50507K [0x00000000eaa80000, 0x00000000f1e80000, 0x0000000100000000)
  eden space 66560K, 75% used [0x00000000eaa80000,0x00000000edbd2ea8,0x00000000eeb80000)
  from space 5120K, 0% used [0x00000000eeb80000,0x00000000eeb80000,0x00000000ef080000)
  to   space 5120K, 0% used [0x00000000f1980000,0x00000000f1980000,0x00000000f1e80000)
 ParOldGen       total 211456K, used 99549K [0x00000000c0000000, 0x00000000cce80000, 0x00000000eaa80000)
  object space 211456K, 47% used [0x00000000c0000000,0x00000000c61376c8,0x00000000cce80000)
 PSPermGen       total 21504K, used 7450K [0x00000000bae00000, 0x00000000bc300000, 0x00000000c0000000)
  object space 21504K, 34% used [0x00000000bae00000,0x00000000bb546808,0x00000000bc300000)
Event: 0.425 GC heap after
Heap after GC invocations=6 (full 2):
 PSYoungGen      total 105472K, used 128K [0x00000000eaa80000, 0x00000000f1a80000, 0x0000000100000000)
  eden space 104448K, 0% used [0x00000000eaa80000,0x00000000eaa80000,0x00000000f1080000)
  from space 1024K, 12% used [0x00000000f1980000,0x00000000f19a0000,0x00000000f1a80000)
  to   space 5120K, 0% used [0x00000000f1080000,0x00000000f1080000,0x00000000f1580000)
 ParOldGen       total 211456K, used 99549K [0x00000000c0000000, 0x00000000cce80000, 0x00000000eaa80000)
  object space 211456K, 47% used [0x00000000c0000000,0x00000000c61376c8,0x00000000cce80000)
 PSPermGen       total 21504K, used 7450K [0x00000000bae00000, 0x00000000bc300000, 0x00000000c0000000)
  object space 21504K, 34% used [0x00000000bae00000,0x00000000bb546808,0x00000000bc300000)
}
Event: 0.550 GC heap before
{Heap before GC invocations=7 (full 2):
 PSYoungGen      total 105472K, used 104074K [0x00000000eaa80000, 0x00000000f1a80000, 0x0000000100000000)
  eden space 104448K, 99% used [0x00000000eaa80000,0x00000000f1002b60,0x00000000f1080000)
  from space 1024K, 12% used [0x00000000f1980000,0x00000000f19a0000,0x00000000f1a80000)
  to   space 5120K, 0% used [0x00000000f1080000,0x00000000f1080000,0x00000000f1580000)
 ParOldGen       total 211456K, used 99549K [0x00000000c0000000, 0x00000000cce80000, 0x00000000eaa80000)
  object space 211456K, 47% used [0x00000000c0000000,0x00000000c61376c8,0x00000000cce80000)
 PSPermGen       total 21504K, used 7796K [0x00000000bae00000, 0x00000000bc300000, 0x00000000c0000000)
  object space 21504K, 36% used [0x00000000bae00000,0x00000000bb59d360,0x00000000bc300000)
Event: 0.570 GC heap after
Heap after GC invocations=7 (full 2):
 PSYoungGen      total 109568K, used 320K [0x00000000eaa80000, 0x00000000fcc00000, 0x0000000100000000)
  eden space 104448K, 0% used [0x00000000eaa80000,0x00000000eaa80000,0x00000000f1080000)
  from space 5120K, 6% used [0x00000000f1080000,0x00000000f10d0000,0x00000000f1580000)
  to   space 67584K, 0% used [0x00000000f8a00000,0x00000000f8a00000,0x00000000fcc00000)
 ParOldGen       total 211456K, used 197965K [0x00000000c0000000, 0x00000000cce80000, 0x00000000eaa80000)
  object space 211456K, 93% used [0x00000000c0000000,0x00000000cc153738,0x00000000cce80000)
 PSPermGen       total 21504K, used 7796K [0x00000000bae00000, 0x00000000bc300000, 0x00000000c0000000)
  object space 21504K, 36% used [0x00000000bae00000,0x00000000bb59d360,0x00000000bc300000)
}
Event: 0.570 GC heap before
{Heap before GC invocations=8 (full 3):
 PSYoungGen      total 109568K, used 320K [0x00000000eaa80000, 0x00000000fcc00000, 0x0000000100000000)
  eden space 104448K, 0% used [0x00000000eaa80000,0x00000000eaa80000,0x00000000f1080000)
  from space 5120K, 6% used [0x00000000f1080000,0x00000000f10d0000,0x00000000f1580000)
  to   space 67584K, 0% used [0x00000000f8a00000,0x00000000f8a00000,0x00000000fcc00000)
 ParOldGen       total 211456K, used 197965K [0x00000000c0000000, 0x00000000cce80000, 0x00000000eaa80000)
  object space 211456K, 93% used [0x00000000c0000000,0x00000000cc153738,0x00000000cce80000)
 PSPermGen       total 21504K, used 7796K [0x00000000bae00000, 0x00000000bc300000, 0x00000000c0000000)
  object space 21504K, 36% used [0x00000000bae00000,0x00000000bb59d360,0x00000000bc300000)
Event: 0.600 GC heap after
Heap after GC invocations=8 (full 3):
 PSYoungGen      total 109568K, used 0K [0x00000000eaa80000, 0x00000000fcc00000, 0x0000000100000000)
  eden space 104448K, 0% used [0x00000000eaa80000,0x00000000eaa80000,0x00000000f1080000)
  from space 5120K, 0% used [0x00000000f1080000,0x00000000f1080000,0x00000000f1580000)
  to   space 67584K, 0% used [0x00000000f8a00000,0x00000000f8a00000,0x00000000fcc00000)
 ParOldGen       total 312832K, used 148721K [0x00000000c0000000, 0x00000000d3180000, 0x00000000eaa80000)
  object space 312832K, 47% used [0x00000000c0000000,0x00000000c913c428,0x00000000d3180000)
 PSPermGen       total 21504K, used 7796K [0x00000000bae00000, 0x00000000bc300000, 0x00000000c0000000)
  object space 21504K, 36% used [0x00000000bae00000,0x00000000bb59d308,0x00000000bc300000)
}
Event: 0.669 GC heap before
{Heap before GC invocations=9 (full 3):
 PSYoungGen      total 109568K, used 104448K [0x00000000eaa80000, 0x00000000fcc00000, 0x0000000100000000)
  eden space 104448K, 100% used [0x00000000eaa80000,0x00000000f1080000,0x00000000f1080000)
  from space 5120K, 0% used [0x00000000f1080000,0x00000000f1080000,0x00000000f1580000)
  to   space 67584K, 0% used [0x00000000f8a00000,0x00000000f8a00000,0x00000000fcc00000)
 ParOldGen       total 312832K, used 148721K [0x00000000c0000000, 0x00000000d3180000, 0x00000000eaa80000)
  object space 312832K, 47% used [0x00000000c0000000,0x00000000c913c428,0x00000000d3180000)
 PSPermGen       total 21504K, used 7823K [0x00000000bae00000, 0x00000000bc300000, 0x00000000c0000000)
  object space 21504K, 36% used [0x00000000bae00000,0x00000000bb5a3f18,0x00000000bc300000)

Deoptimization events (2 events):
Event: 0.358 Thread 0x0000000002a12800 Uncommon trap: reason=unreached action=reinterpret pc=0x0000000002b8bb9c method=edu.mines.jtk.dsp.LocalDiffusionKernel.apply22MyCPU(Ledu/mines/jtk/dsp/Tensors2;F[[F[[F[[F)V @ 412
Event: 0.654 Thread 0x0000000002a12800 Uncommon trap: reason=unloaded action=reinterpret pc=0x0000000002b82eec method=edu.mines.jtk.dsp.LocalSmoothingFilter.main([Ljava/lang/String;)V @ 272

Internal exceptions (10 events):
Event: 0.445 Thread 0x0000000002a12800 Threw 0x00000000ecaec770 at C:\re\jdk7u51\527\hotspot\src\share\vm\prims\jvm.cpp:1244
Event: 0.445 Thread 0x0000000002a12800 Threw 0x00000000ecaee450 at C:\re\jdk7u51\527\hotspot\src\share\vm\prims\jvm.cpp:1244
Event: 0.445 Thread 0x0000000002a12800 Threw 0x00000000ecaf01a0 at C:\re\jdk7u51\527\hotspot\src\share\vm\prims\jvm.cpp:1244
Event: 0.445 Thread 0x0000000002a12800 Threw 0x00000000ecaf1e28 at C:\re\jdk7u51\527\hotspot\src\share\vm\prims\jvm.cpp:1244
Event: 0.445 Thread 0x0000000002a12800 Threw 0x00000000ecaf3aa8 at C:\re\jdk7u51\527\hotspot\src\share\vm\prims\jvm.cpp:1244
Event: 0.446 Thread 0x0000000002a12800 Threw 0x00000000ecaf57f0 at C:\re\jdk7u51\527\hotspot\src\share\vm\prims\jvm.cpp:1244
Event: 0.446 Thread 0x0000000002a12800 Threw 0x00000000ecaf7790 at C:\re\jdk7u51\527\hotspot\src\share\vm\prims\jvm.cpp:1244
Event: 0.540 Thread 0x0000000002a12800 Threw 0x00000000ecafc200 at C:\re\jdk7u51\527\hotspot\src\share\vm\prims\jvm.cpp:1244
Event: 0.549 Thread 0x0000000002a12800 Threw 0x00000000ecafe9f0 at C:\re\jdk7u51\527\hotspot\src\share\vm\prims\jvm.cpp:1244
Event: 0.550 Thread 0x0000000002a12800 Threw 0x00000000ecb02090 at C:\re\jdk7u51\527\hotspot\src\share\vm\prims\jvm.cpp:1244

Events (10 events):
Event: 0.550 Executing VM operation: ParallelGCFailedAllocation
Event: 0.600 Executing VM operation: ParallelGCFailedAllocation done
Event: 0.610 loading class 0x0000000002a61e90
Event: 0.611 loading class 0x0000000002a61e90 done
Event: 0.611 loading class 0x0000000002a831b0
Event: 0.611 loading class 0x0000000002a831b0 done
Event: 0.654 Thread 0x0000000002a12800 Uncommon trap: trap_request=0x00000069 fr.pc=0x0000000002b82eec
Event: 0.654 Thread 0x0000000002a12800 DEOPT PACKING pc=0x0000000002b82eec sp=0x00000000029df1d0
Event: 0.654 Thread 0x0000000002a12800 DEOPT UNPACKING pc=0x0000000002b475a4 sp=0x00000000029df130 mode 2
Event: 0.669 Executing VM operation: ParallelGCFailedAllocation


Dynamic libraries:
0x000007f704f90000 - 0x000007f704fc3000 	C:\Program Files\Java\jre7\bin\javaw.exe
0x000007ff27ac0000 - 0x000007ff27c80000 	C:\Windows\SYSTEM32\ntdll.dll
0x000007ff25160000 - 0x000007ff25296000 	C:\Windows\system32\KERNEL32.DLL
0x000007ff24a40000 - 0x000007ff24b33000 	C:\Windows\system32\KERNELBASE.dll
0x000007ff25780000 - 0x000007ff2585e000 	C:\Windows\system32\ADVAPI32.dll
0x000007ff27840000 - 0x000007ff2798c000 	C:\Windows\system32\USER32.dll
0x000007ff22770000 - 0x000007ff229da000 	C:\Windows\WinSxS\amd64_microsoft.windows.common-controls_6595b64144ccf1df_6.0.9200.16579_none_418ab7ef718b27ef\COMCTL32.dll
0x000007ff25550000 - 0x000007ff255f5000 	C:\Windows\system32\msvcrt.dll
0x000007ff261b0000 - 0x000007ff261f8000 	C:\Windows\SYSTEM32\sechost.dll
0x000007ff25630000 - 0x000007ff25775000 	C:\Windows\system32\RPCRT4.dll
0x000007ff252a0000 - 0x000007ff253e1000 	C:\Windows\system32\GDI32.dll
0x000007ff25f40000 - 0x000007ff25f79000 	C:\Windows\system32\IMM32.DLL
0x000007ff26270000 - 0x000007ff26386000 	C:\Windows\system32\MSCTF.dll
0x000000005f8c0000 - 0x000000005f992000 	C:\Program Files\Java\jre7\bin\msvcr100.dll
0x000000005f0f0000 - 0x000000005f8b9000 	C:\Program Files\Java\jre7\bin\server\jvm.dll
0x000007ff16570000 - 0x000007ff16579000 	C:\Windows\SYSTEM32\WSOCK32.dll
0x000007ff21fa0000 - 0x000007ff21fc0000 	C:\Windows\SYSTEM32\WINMM.dll
0x000007ff25d80000 - 0x000007ff25d87000 	C:\Windows\system32\PSAPI.DLL
0x000007ff25d20000 - 0x000007ff25d78000 	C:\Windows\system32\WS2_32.dll
0x000007ff21d90000 - 0x000007ff21dc3000 	C:\Windows\SYSTEM32\WINMMBASE.dll
0x000007ff25150000 - 0x000007ff25159000 	C:\Windows\system32\NSI.dll
0x000007ff24d80000 - 0x000007ff24dcf000 	C:\Windows\SYSTEM32\cfgmgr32.dll
0x000007ff24e80000 - 0x000007ff24ea2000 	C:\Windows\system32\DEVOBJ.dll
0x000000005f0e0000 - 0x000000005f0ef000 	C:\Program Files\Java\jre7\bin\verify.dll
0x000000005f0b0000 - 0x000000005f0d8000 	C:\Program Files\Java\jre7\bin\java.dll
0x000000005f040000 - 0x000000005f055000 	C:\Program Files\Java\jre7\bin\zip.dll
0x000000005ee50000 - 0x000000005efe5000 	C:\Program Files\Java\jre7\bin\awt.dll
0x000007ff27990000 - 0x000007ff27a53000 	C:\Windows\system32\OLEAUT32.dll
0x000007ff25d90000 - 0x000007ff25f40000 	C:\Windows\system32\combase.dll
0x000007ff1d630000 - 0x000007ff1d6cf000 	C:\Windows\system32\apphelp.dll
0x000007ff23760000 - 0x000007ff23846000 	C:\Windows\system32\uxtheme.dll
0x000007ff22d30000 - 0x000007ff22d51000 	C:\Windows\SYSTEM32\dwmapi.dll
0x000007ff259b0000 - 0x000007ff25b2e000 	C:\Windows\system32\ole32.dll
0x000007ff247b0000 - 0x000007ff247ba000 	C:\Windows\SYSTEM32\CRYPTBASE.dll
0x000007ff24750000 - 0x000007ff247ac000 	C:\Windows\SYSTEM32\bcryptPrimitives.dll
0x000007ff26560000 - 0x000007ff2783f000 	C:\Windows\system32\SHELL32.dll
0x000007ff25b30000 - 0x000007ff25b80000 	C:\Windows\system32\SHLWAPI.dll
0x000007ff23b30000 - 0x000007ff23bc5000 	C:\Windows\SYSTEM32\shcore.dll
0x000007ff10c20000 - 0x000007ff10c70000 	C:\Users\Dave\AppData\Local\Temp\JOCL_0_1_9-windows-x86_64.dll
0x000007ff10be0000 - 0x000007ff10bf3000 	C:\Windows\SYSTEM32\OpenCL.dll
0x000007ff0e820000 - 0x000007ff0efae000 	C:\Windows\SYSTEM32\nvopencl.dll
0x000007ff26390000 - 0x000007ff26560000 	C:\Windows\system32\SETUPAPI.dll
0x000007ff1f900000 - 0x000007ff1fbff000 	C:\Windows\SYSTEM32\nvapi64.dll
0x000007ff20be0000 - 0x000007ff20be9000 	C:\Windows\SYSTEM32\VERSION.dll
0x000007ff24d20000 - 0x000007ff24d75000 	C:\Windows\system32\WINTRUST.dll
0x000007ff24b40000 - 0x000007ff24d11000 	C:\Windows\system32\CRYPT32.dll
0x000007ff24a20000 - 0x000007ff24a36000 	C:\Windows\system32\MSASN1.dll
0x000007ff10b90000 - 0x000007ff10bd2000 	C:\Windows\SYSTEM32\intelopencl64.dll
0x000007ff0c4f0000 - 0x000007ff0c5ed000 	C:\Program Files (x86)\Common Files\Intel\OpenCL\bin\x64\intelocl64.dll
0x000007ff10a10000 - 0x000007ff10a86000 	C:\Program Files (x86)\Common Files\Intel\OpenCL\bin\x64\task_executor64.dll
0x000007ff07ff0000 - 0x000007ff0810f000 	C:\Windows\SYSTEM32\OPENGL32.dll
0x000007ff1dad0000 - 0x000007ff1dafc000 	C:\Windows\SYSTEM32\GLU32.dll
0x000007ff07f00000 - 0x000007ff07fea000 	C:\Windows\SYSTEM32\DDRAW.dll
0x000007ff1dac0000 - 0x000007ff1dac8000 	C:\Windows\SYSTEM32\DCIMAN32.dll
0x000007ff1dba0000 - 0x000007ff1dbce000 	C:\Windows\SYSTEM32\ntmarta.dll
0x000007ff0ff90000 - 0x000007ff1001e000 	C:\Program Files (x86)\Common Files\Intel\OpenCL\bin\x64\cpu_device64.dll
0x000007ff0f290000 - 0x000007ff0f2f9000 	C:\Program Files (x86)\Common Files\Intel\OpenCL\bin\x64\tbb\tbb.dll
0x000007ff21b30000 - 0x000007ff21c93000 	C:\Windows\SYSTEM32\dbghelp.dll

VM Arguments:
jvm_args: -Xmx1g -Dfile.encoding=Cp1252 
java_command: edu.mines.jtk.dsp.LocalSmoothingFilter
Launcher Type: SUN_STANDARD

Environment Variables:
JAVA_HOME=C:\Program Files\Java\jdk1.7.0_51
PATH=C:/Program Files/Java/jdk1.7.0_51/bin/../jre/bin/server;C:/Program Files/Java/jdk1.7.0_51/bin/../jre/bin;C:/Program Files/Java/jdk1.7.0_51/bin/../jre/lib/amd64;C:\Program Files\Java\jdk1.7.0_51\bin;C:\Program Files\NVIDIA GPU Computing Toolkit\CUDA\v5.5\bin;C:\Program Files\NVIDIA GPU Computing Toolkit\CUDA\v5.5\libnvvp;C:\Program Files (x86)\NVIDIA Corporation\PhysX\Common;C:\Program Files\Broadcom\Broadcom 802.11 Network Adapter\Driver;C:\Program Files (x86)\Intel\iCLS Client\;C:\Program Files\Intel\iCLS Client\;C:\Windows\system32;C:\Windows;C:\Windows\System32\Wbem;C:\Windows\System32\WindowsPowerShell\v1.0\;C:\Program Files (x86)\Windows Live\Shared;C:\Program Files\Intel\Intel(R) Management Engine Components\DAL;C:\Program Files\Intel\Intel(R) Management Engine Components\IPT;C:\Program Files (x86)\Intel\Intel(R) Management Engine Components\DAL;C:\Program Files (x86)\Intel\Intel(R) Management Engine Components\IPT;C:\Program Files\WIDCOMM\Bluetooth Software\;C:\Program Files\WIDCOMM\Bluetooth Software\syswow64;C:\Program Files\Microsoft\Web Platform Installer\;C:\Program Files (x86)\Microsoft ASP.NET\ASP.NET Web Pages\v1.0\;C:\Program Files (x86)\Windows Kits\8.0\Windows Performance Toolkit\;C:\Program Files\Microsoft SQL Server\110\Tools\Binn\;C:\Program Files (x86)\Microsoft Visual Studio 11.0\VC\bin\x86_amd64\;C:\Program Files\TortoiseSVN\bin;C:\Tools\;C:\Program Files (x86)\MiKTeX 2.9\miktex\bin\;C:\Users\Dave\workspace\jtk\bin;C:\Software\Octave-3.6.4\bin;C:\Program Files (x86)\Intel\OpenCL SDK\3.0\bin\x86;C:\Program Files (x86)\Intel\OpenCL SDK\3.0\bin\x64;c:\users\dave\appdata\local\enthought\canopy\user\scripts;C:\Users\Dave\AppData\Local\Enthought\Canopy\User;C:\Users\Dave\AppData\Local\Enthought\Canopy\User\Scripts;C:\Tools\eclipse;
USERNAME=Dave
OS=Windows_NT
PROCESSOR_IDENTIFIER=Intel64 Family 6 Model 60 Stepping 3, GenuineIntel



---------------  S Y S T E M  ---------------

OS: Windows 8 , 64 bit Build 9200 

CPU:total 8 (4 cores per cpu, 2 threads per core) family 6 model 60 stepping 3, cmov, cx8, fxsr, mmx, sse, sse2, sse3, ssse3, sse4.1, sse4.2, popcnt, avx, avx2, aes, erms, ht, tsc, tscinvbit

Memory: 4k page, physical 8304176k(2813932k free), swap 16430640k(7664228k free)

vm_info: Java HotSpot(TM) 64-Bit Server VM (24.51-b03) for windows-amd64 JRE (1.7.0_51-b13), built on Dec 18 2013 18:40:56 by "java_re" with unknown MS VC++:1600

time: Sat Mar 29 20:45:13 2014
elapsed time: 0 seconds

