#
# A fatal error has been detected by the Java Runtime Environment:
#
#  EXCEPTION_ACCESS_VIOLATION (0xc0000005) at pc=0x000000005f47ac25, pid=5172, tid=3792
#
# JRE version: Java(TM) SE Runtime Environment (7.0_51-b13) (build 1.7.0_51-b13)
# Java VM: Java HotSpot(TM) 64-Bit Server VM (24.51-b03 mixed mode windows-amd64 compressed oops)
# Problematic frame:
# V  [jvm.dll+0x38ac25]
#
# Failed to write core dump. Minidumps are not enabled by default on client versions of Windows
#
# If you would like to submit a bug report, please visit:
#   http://bugreport.sun.com/bugreport/crash.jsp
#

---------------  T H R E A D  ---------------

Current thread (0x000000000238f800):  GCTaskThread [stack: 0x0000000005c30000,0x0000000005d30000] [id=3792]

siginfo: ExceptionCode=0xc0000005, reading address 0x0000000000000018

Registers:
RAX=0x0000000000000000, RBX=0x00000000c1d13318, RCX=0x0000000000000000, RDX=0x00000000183a2600
RSP=0x0000000005d2f3a0, RBP=0x000000000000000c, RSI=0x00000000c1d13318, RDI=0x00000000c1d1fff8
R8 =0x00000000056ae898, R9 =0x00000000023824c0, R10=0x00000000056a0000, R11=0x00000000050a0000
R12=0x00000000c1d20000, R13=0x00000000086d0f60, R14=0x0000000002382370, R15=0x00000000023824c0
RIP=0x000000005f47ac25, EFLAGS=0x0000000000010246

Top of Stack: (sp=0x0000000005d2f3a0)
0x0000000005d2f3a0:   0000000005499898 0000000005499905
0x0000000005d2f3b0:   00000000086d0f60 00000000054a0ce0
0x0000000005d2f3c0:   00000000c1d13118 000000005f47b1e1
0x0000000005d2f3d0:   00000000054a7900 00000000054a7898
0x0000000005d2f3e0:   00000000c1911108 000007ff24a4152c
0x0000000005d2f3f0:   00000000054a7800 00000000054b18ea
0x0000000005d2f400:   0000000000000400 0000000000000080
0x0000000005d2f410:   00000000023708d0 0000000002387c80
0x0000000005d2f420:   000000005f6aedb8 0000000000000000
0x0000000005d2f430:   0000000000000000 0000000002397920
0x0000000005d2f440:   000000000238fea0 000000000238fe90
0x0000000005d2f450:   00000000086d0f60 000000005f48f142
0x0000000005d2f460:   00000000054a7898 00000000023824c0
0x0000000005d2f470:   00000000c1d20000 00000000c311d368
0x0000000005d2f480:   00000000086d0f60 0000000000000001
0x0000000005d2f490:   0000000000000008 0000000002384080 

Instructions: (pc=0x000000005f47ac25)
0x000000005f47ac05:   00 00 48 8b f3 74 15 8b 43 08 8b 0d a3 0c 36 00
0x000000005f47ac15:   48 d3 e0 48 03 05 91 0c 36 00 eb 04 48 8b 43 08
0x000000005f47ac25:   44 8b 48 18 48 8d 48 10 45 85 c9 7e 0c 41 f6 c1
0x000000005f47ac35:   01 75 53 41 c1 f9 03 eb 5c 79 4b 80 3d f1 ff 3b 


Register to memory mapping:

RAX=0x0000000000000000 is an unknown value
RBX=
[error occurred during error reporting (printing register info), id 0xc0000005]

Stack: [0x0000000005c30000,0x0000000005d30000],  sp=0x0000000005d2f3a0,  free space=1020k
Native frames: (J=compiled Java code, j=interpreted, Vv=VM code, C=native code)
V  [jvm.dll+0x38ac25]


---------------  P R O C E S S  ---------------

Java Threads: ( => current thread )
  0x000000000a855000 JavaThread "AsyncOpThread-2" daemon [_thread_blocked, id=3096, stack(0x0000000012720000,0x0000000012820000)]
  0x000000000a9ba000 JavaThread "AsyncOpThread-1" daemon [_thread_blocked, id=7308, stack(0x000000000eeb0000,0x000000000efb0000)]
  0x000000000a9b9000 JavaThread "AsyncOpThread-0" daemon [_thread_blocked, id=8008, stack(0x000000000edb0000,0x000000000eeb0000)]
  0x000000000a855800 JavaThread "AWT-Windows" daemon [_thread_in_native, id=7588, stack(0x000000000b690000,0x000000000b790000)]
  0x000000000a853000 JavaThread "Java2D Disposer" daemon [_thread_blocked, id=2596, stack(0x000000000b490000,0x000000000b590000)]
  0x00000000086ed800 JavaThread "Service Thread" daemon [_thread_blocked, id=7276, stack(0x000000000aeb0000,0x000000000afb0000)]
  0x00000000086e3000 JavaThread "C2 CompilerThread1" daemon [_thread_blocked, id=7200, stack(0x000000000adb0000,0x000000000aeb0000)]
  0x00000000086e1000 JavaThread "C2 CompilerThread0" daemon [_thread_blocked, id=3756, stack(0x000000000acb0000,0x000000000adb0000)]
  0x00000000086e0000 JavaThread "Attach Listener" daemon [_thread_blocked, id=1008, stack(0x000000000abb0000,0x000000000acb0000)]
  0x000000000a6d0800 JavaThread "Signal Dispatcher" daemon [_thread_blocked, id=7932, stack(0x000000000aab0000,0x000000000abb0000)]
  0x00000000086d7000 JavaThread "Finalizer" daemon [_thread_blocked, id=7552, stack(0x000000000a5b0000,0x000000000a6b0000)]
  0x00000000086d6000 JavaThread "Reference Handler" daemon [_thread_blocked, id=7740, stack(0x000000000a4b0000,0x000000000a5b0000)]
  0x0000000002372800 JavaThread "main" [_thread_blocked, id=3648, stack(0x0000000002270000,0x0000000002370000)]

Other Threads:
  0x00000000086d4000 VMThread [stack: 0x000000000a3b0000,0x000000000a4b0000] [id=7264]
  0x00000000086ee800 WatcherThread [stack: 0x000000000afb0000,0x000000000b0b0000] [id=7912]

=>0x000000000238f800 (exited) GCTaskThread [stack: 0x0000000005c30000,0x0000000005d30000] [id=3792]

VM state:at safepoint (normal execution)

VM Mutex/Monitor currently owned by a thread:  ([mutex/lock_event])
[0x000000000223d790] Threads_lock - owner thread: 0x00000000086d4000
[0x000000000223d010] Heap_lock - owner thread: 0x0000000002372800

Heap
 PSYoungGen      total 316416K, used 285594K [0x00000000eaa80000, 0x0000000100000000, 0x0000000100000000)
  eden space 287232K, 99% used [0x00000000eaa80000,0x00000000fc166a00,0x00000000fc300000)
  from space 29184K, 0% used [0x00000000fc300000,0x00000000fc300000,0x00000000fdf80000)
  to   space 33280K, 49% used [0x00000000fdf80000,0x00000000fefb2050,0x0000000100000000)
 ParOldGen       total 113664K, used 50292K [0x00000000c0000000, 0x00000000c6f00000, 0x00000000eaa80000)
  object space 113664K, 44% used [0x00000000c0000000,0x00000000c311d368,0x00000000c6f00000)
 PSPermGen       total 21504K, used 7827K [0x00000000bae00000, 0x00000000bc300000, 0x00000000c0000000)
  object space 21504K, 36% used [0x00000000bae00000,0x00000000bb5a4dd0,0x00000000bc300000)

Card table byte_map: [0x0000000005470000,0x00000000056a0000] byte_map_base: 0x0000000004e99000

Polling page: 0x0000000000910000

Code Cache  [0x0000000002470000, 0x00000000026e0000, 0x0000000005470000)
 total_blobs=414 nmethods=37 adapters=330 free_code_cache=48598Kb largest_free_block=49737472

Compilation events (10 events):
Event: 2.452 Thread 0x00000000086e1000   33             edu.mines.jtk.util.CLUtil::unPackTensor (158 bytes)
Event: 2.456 Thread 0x00000000086e1000 nmethod 33 0x00000000024f7ad0 code [0x00000000024f7c20, 0x00000000024f80b8]
Event: 2.461 Thread 0x00000000086e3000   34             edu.mines.jtk.dsp.LocalSmoothingFilter::wscopy (21 bytes)
Event: 2.462 Thread 0x00000000086e3000 nmethod 34 0x00000000024f77d0 code [0x00000000024f7900, 0x00000000024f7a18]
Event: 2.472 Thread 0x00000000086e1000   35             edu.mines.jtk.util.CLUtil::unPackArray (52 bytes)
Event: 2.474 Thread 0x00000000086e1000 nmethod 35 0x00000000024f97d0 code [0x00000000024f9900, 0x00000000024f9ad8]
Event: 2.780 Thread 0x00000000086e3000   36             sun.nio.cs.SingleByte$Encoder::encode (32 bytes)
Event: 2.780 Thread 0x00000000086e1000   37             sun.nio.cs.SingleByte$Encoder::encode (114 bytes)
Event: 2.781 Thread 0x00000000086e3000 nmethod 36 0x00000000024f9490 code [0x00000000024f95e0, 0x00000000024f96d8]
Event: 2.783 Thread 0x00000000086e1000 nmethod 37 0x00000000024fc310 code [0x00000000024fc480, 0x00000000024fc8d8]

GC Heap History (10 events):
Event: 1.868 GC heap after
Heap after GC invocations=12 (full 0):
 PSYoungGen      total 317440K, used 8416K [0x00000000eaa80000, 0x00000000fff00000, 0x0000000100000000)
  eden space 287232K, 0% used [0x00000000eaa80000,0x00000000eaa80000,0x00000000fc300000)
  from space 30208K, 27% used [0x00000000fe180000,0x00000000fe9b8000,0x00000000fff00000)
  to   space 30720K, 0% used [0x00000000fc300000,0x00000000fc300000,0x00000000fe100000)
 ParOldGen       total 86528K, used 61580K [0x00000000c0000000, 0x00000000c5480000, 0x00000000eaa80000)
  object space 86528K, 71% used [0x00000000c0000000,0x00000000c3c230b0,0x00000000c5480000)
 PSPermGen       total 21504K, used 7828K [0x00000000bae00000, 0x00000000bc300000, 0x00000000c0000000)
  object space 21504K, 36% used [0x00000000bae00000,0x00000000bb5a5248,0x00000000bc300000)
}
Event: 2.051 GC heap before
{Heap before GC invocations=13 (full 0):
 PSYoungGen      total 317440K, used 294436K [0x00000000eaa80000, 0x00000000fff00000, 0x0000000100000000)
  eden space 287232K, 99% used [0x00000000eaa80000,0x00000000fc1d1250,0x00000000fc300000)
  from space 30208K, 27% used [0x00000000fe180000,0x00000000fe9b8000,0x00000000fff00000)
  to   space 30720K, 0% used [0x00000000fc300000,0x00000000fc300000,0x00000000fe100000)
 ParOldGen       total 86528K, used 61580K [0x00000000c0000000, 0x00000000c5480000, 0x00000000eaa80000)
  object space 86528K, 71% used [0x00000000c0000000,0x00000000c3c230b0,0x00000000c5480000)
 PSPermGen       total 21504K, used 7828K [0x00000000bae00000, 0x00000000bc300000, 0x00000000c0000000)
  object space 21504K, 36% used [0x00000000bae00000,0x00000000bb5a5248,0x00000000bc300000)
Event: 2.055 GC heap after
Heap after GC invocations=13 (full 0):
 PSYoungGen      total 317952K, used 22352K [0x00000000eaa80000, 0x0000000100000000, 0x0000000100000000)
  eden space 287232K, 0% used [0x00000000eaa80000,0x00000000eaa80000,0x00000000fc300000)
  from space 30720K, 72% used [0x00000000fc300000,0x00000000fd8d4020,0x00000000fe100000)
  to   space 31744K, 0% used [0x00000000fe100000,0x00000000fe100000,0x0000000100000000)
 ParOldGen       total 86528K, used 61580K [0x00000000c0000000, 0x00000000c5480000, 0x00000000eaa80000)
  object space 86528K, 71% used [0x00000000c0000000,0x00000000c3c230b0,0x00000000c5480000)
 PSPermGen       total 21504K, used 7828K [0x00000000bae00000, 0x00000000bc300000, 0x00000000c0000000)
  object space 21504K, 36% used [0x00000000bae00000,0x00000000bb5a5248,0x00000000bc300000)
}
Event: 2.248 GC heap before
{Heap before GC invocations=14 (full 0):
 PSYoungGen      total 317952K, used 309584K [0x00000000eaa80000, 0x0000000100000000, 0x0000000100000000)
  eden space 287232K, 100% used [0x00000000eaa80000,0x00000000fc300000,0x00000000fc300000)
  from space 30720K, 72% used [0x00000000fc300000,0x00000000fd8d4020,0x00000000fe100000)
  to   space 31744K, 0% used [0x00000000fe100000,0x00000000fe100000,0x0000000100000000)
 ParOldGen       total 86528K, used 61580K [0x00000000c0000000, 0x00000000c5480000, 0x00000000eaa80000)
  object space 86528K, 71% used [0x00000000c0000000,0x00000000c3c230b0,0x00000000c5480000)
 PSPermGen       total 21504K, used 7828K [0x00000000bae00000, 0x00000000bc300000, 0x00000000c0000000)
  object space 21504K, 36% used [0x00000000bae00000,0x00000000bb5a5248,0x00000000bc300000)
Event: 2.252 GC heap after
Heap after GC invocations=14 (full 0):
 PSYoungGen      total 317952K, used 13120K [0x00000000eaa80000, 0x00000000fff00000, 0x0000000100000000)
  eden space 287232K, 0% used [0x00000000eaa80000,0x00000000eaa80000,0x00000000fc300000)
  from space 30720K, 42% used [0x00000000fe100000,0x00000000fedd0000,0x00000000fff00000)
  to   space 30720K, 0% used [0x00000000fc300000,0x00000000fc300000,0x00000000fe100000)
 ParOldGen       total 86528K, used 61580K [0x00000000c0000000, 0x00000000c5480000, 0x00000000eaa80000)
  object space 86528K, 71% used [0x00000000c0000000,0x00000000c3c230b0,0x00000000c5480000)
 PSPermGen       total 21504K, used 7828K [0x00000000bae00000, 0x00000000bc300000, 0x00000000c0000000)
  object space 21504K, 36% used [0x00000000bae00000,0x00000000bb5a5248,0x00000000bc300000)
}
Event: 2.508 GC heap before
{Heap before GC invocations=15 (full 0):
 PSYoungGen      total 317952K, used 299196K [0x00000000eaa80000, 0x00000000fff00000, 0x0000000100000000)
  eden space 287232K, 99% used [0x00000000eaa80000,0x00000000fc1df300,0x00000000fc300000)
  from space 30720K, 42% used [0x00000000fe100000,0x00000000fedd0000,0x00000000fff00000)
  to   space 30720K, 0% used [0x00000000fc300000,0x00000000fc300000,0x00000000fe100000)
 ParOldGen       total 86528K, used 61580K [0x00000000c0000000, 0x00000000c5480000, 0x00000000eaa80000)
  object space 86528K, 71% used [0x00000000c0000000,0x00000000c3c230b0,0x00000000c5480000)
 PSPermGen       total 21504K, used 7829K [0x00000000bae00000, 0x00000000bc300000, 0x00000000c0000000)
  object space 21504K, 36% used [0x00000000bae00000,0x00000000bb5a5518,0x00000000bc300000)
Event: 2.519 GC heap after
Heap after GC invocations=15 (full 0):
 PSYoungGen      total 316416K, used 28920K [0x00000000eaa80000, 0x0000000100000000, 0x0000000100000000)
  eden space 287232K, 0% used [0x00000000eaa80000,0x00000000eaa80000,0x00000000fc300000)
  from space 29184K, 99% used [0x00000000fc300000,0x00000000fdf3e070,0x00000000fdf80000)
  to   space 33280K, 0% used [0x00000000fdf80000,0x00000000fdf80000,0x0000000100000000)
 ParOldGen       total 86528K, used 73900K [0x00000000c0000000, 0x00000000c5480000, 0x00000000eaa80000)
  object space 86528K, 85% used [0x00000000c0000000,0x00000000c482b0f0,0x00000000c5480000)
 PSPermGen       total 21504K, used 7829K [0x00000000bae00000, 0x00000000bc300000, 0x00000000c0000000)
  object space 21504K, 36% used [0x00000000bae00000,0x00000000bb5a5518,0x00000000bc300000)
}
Event: 2.519 GC heap before
{Heap before GC invocations=16 (full 1):
 PSYoungGen      total 316416K, used 28920K [0x00000000eaa80000, 0x0000000100000000, 0x0000000100000000)
  eden space 287232K, 0% used [0x00000000eaa80000,0x00000000eaa80000,0x00000000fc300000)
  from space 29184K, 99% used [0x00000000fc300000,0x00000000fdf3e070,0x00000000fdf80000)
  to   space 33280K, 0% used [0x00000000fdf80000,0x00000000fdf80000,0x0000000100000000)
 ParOldGen       total 86528K, used 73900K [0x00000000c0000000, 0x00000000c5480000, 0x00000000eaa80000)
  object space 86528K, 85% used [0x00000000c0000000,0x00000000c482b0f0,0x00000000c5480000)
 PSPermGen       total 21504K, used 7829K [0x00000000bae00000, 0x00000000bc300000, 0x00000000c0000000)
  object space 21504K, 36% used [0x00000000bae00000,0x00000000bb5a5518,0x00000000bc300000)
Event: 2.548 GC heap after
Heap after GC invocations=16 (full 1):
 PSYoungGen      total 316416K, used 0K [0x00000000eaa80000, 0x0000000100000000, 0x0000000100000000)
  eden space 287232K, 0% used [0x00000000eaa80000,0x00000000eaa80000,0x00000000fc300000)
  from space 29184K, 0% used [0x00000000fc300000,0x00000000fc300000,0x00000000fdf80000)
  to   space 33280K, 0% used [0x00000000fdf80000,0x00000000fdf80000,0x0000000100000000)
 ParOldGen       total 113664K, used 50292K [0x00000000c0000000, 0x00000000c6f00000, 0x00000000eaa80000)
  object space 113664K, 44% used [0x00000000c0000000,0x00000000c311d368,0x00000000c6f00000)
 PSPermGen       total 21504K, used 7827K [0x00000000bae00000, 0x00000000bc300000, 0x00000000c0000000)
  object space 21504K, 36% used [0x00000000bae00000,0x00000000bb5a4dd0,0x00000000bc300000)
}
Event: 2.943 GC heap before
{Heap before GC invocations=17 (full 1):
 PSYoungGen      total 316416K, used 285594K [0x00000000eaa80000, 0x0000000100000000, 0x0000000100000000)
  eden space 287232K, 99% used [0x00000000eaa80000,0x00000000fc166a00,0x00000000fc300000)
  from space 29184K, 0% used [0x00000000fc300000,0x00000000fc300000,0x00000000fdf80000)
  to   space 33280K, 0% used [0x00000000fdf80000,0x00000000fdf80000,0x0000000100000000)
 ParOldGen       total 113664K, used 50292K [0x00000000c0000000, 0x00000000c6f00000, 0x00000000eaa80000)
  object space 113664K, 44% used [0x00000000c0000000,0x00000000c311d368,0x00000000c6f00000)
 PSPermGen       total 21504K, used 7827K [0x00000000bae00000, 0x00000000bc300000, 0x00000000c0000000)
  object space 21504K, 36% used [0x00000000bae00000,0x00000000bb5a4dd0,0x00000000bc300000)

Deoptimization events (2 events):
Event: 0.222 Thread 0x0000000002372800 Uncommon trap: reason=unreached action=reinterpret pc=0x00000000024ebcdc method=edu.mines.jtk.dsp.LocalDiffusionKernel.apply22MyCPU(Ledu/mines/jtk/dsp/Tensors2;F[[F[[F[[F)V @ 412
Event: 0.380 Thread 0x0000000002372800 Uncommon trap: reason=unloaded action=reinterpret pc=0x00000000024e302c method=edu.mines.jtk.dsp.LocalSmoothingFilter.main([Ljava/lang/String;)V @ 272

Internal exceptions (10 events):
Event: 0.283 Thread 0x0000000002372800 Threw 0x00000000eb2e4760 at C:\re\jdk7u51\527\hotspot\src\share\vm\prims\jvm.cpp:1244
Event: 0.283 Thread 0x0000000002372800 Threw 0x00000000eb2e6440 at C:\re\jdk7u51\527\hotspot\src\share\vm\prims\jvm.cpp:1244
Event: 0.283 Thread 0x0000000002372800 Threw 0x00000000eb2e8190 at C:\re\jdk7u51\527\hotspot\src\share\vm\prims\jvm.cpp:1244
Event: 0.284 Thread 0x0000000002372800 Threw 0x00000000eb2e9e18 at C:\re\jdk7u51\527\hotspot\src\share\vm\prims\jvm.cpp:1244
Event: 0.284 Thread 0x0000000002372800 Threw 0x00000000eb2eba98 at C:\re\jdk7u51\527\hotspot\src\share\vm\prims\jvm.cpp:1244
Event: 0.284 Thread 0x0000000002372800 Threw 0x00000000eb2ed7e0 at C:\re\jdk7u51\527\hotspot\src\share\vm\prims\jvm.cpp:1244
Event: 0.285 Thread 0x0000000002372800 Threw 0x00000000eb2ef780 at C:\re\jdk7u51\527\hotspot\src\share\vm\prims\jvm.cpp:1244
Event: 0.352 Thread 0x0000000002372800 Threw 0x00000000eb2f41f0 at C:\re\jdk7u51\527\hotspot\src\share\vm\prims\jvm.cpp:1244
Event: 0.355 Thread 0x0000000002372800 Threw 0x00000000eb2f69e0 at C:\re\jdk7u51\527\hotspot\src\share\vm\prims\jvm.cpp:1244
Event: 0.356 Thread 0x0000000002372800 Threw 0x00000000eb2fa080 at C:\re\jdk7u51\527\hotspot\src\share\vm\prims\jvm.cpp:1244

Events (10 events):
Event: 1.864 Executing VM operation: ParallelGCFailedAllocation
Event: 1.869 Executing VM operation: ParallelGCFailedAllocation done
Event: 2.051 Executing VM operation: ParallelGCFailedAllocation
Event: 2.055 Executing VM operation: ParallelGCFailedAllocation done
Event: 2.248 Executing VM operation: ParallelGCFailedAllocation
Event: 2.252 Executing VM operation: ParallelGCFailedAllocation done
Event: 2.508 Executing VM operation: ParallelGCFailedAllocation
Event: 2.548 Executing VM operation: ParallelGCFailedAllocation done
Event: 2.687 Thread 0x000000000a855000 Thread added: 0x000000000a855000
Event: 2.943 Executing VM operation: ParallelGCFailedAllocation


Dynamic libraries:
0x000007f704f90000 - 0x000007f704fc3000 	C:\Program Files\Java\jre7\bin\javaw.exe
0x000007ff27ac0000 - 0x000007ff27c80000 	C:\Windows\SYSTEM32\ntdll.dll
0x000007ff25160000 - 0x000007ff25296000 	C:\Windows\system32\KERNEL32.DLL
0x000007ff24a40000 - 0x000007ff24b33000 	C:\Windows\system32\KERNELBASE.dll
0x000007ff25780000 - 0x000007ff2585e000 	C:\Windows\system32\ADVAPI32.dll
0x000007ff27840000 - 0x000007ff2798c000 	C:\Windows\system32\USER32.dll
0x000007ff22770000 - 0x000007ff229da000 	C:\Windows\WinSxS\amd64_microsoft.windows.common-controls_6595b64144ccf1df_6.0.9200.16579_none_418ab7ef718b27ef\COMCTL32.dll
0x000007ff25550000 - 0x000007ff255f5000 	C:\Windows\system32\msvcrt.dll
0x000007ff261b0000 - 0x000007ff261f8000 	C:\Windows\SYSTEM32\sechost.dll
0x000007ff25630000 - 0x000007ff25775000 	C:\Windows\system32\RPCRT4.dll
0x000007ff252a0000 - 0x000007ff253e1000 	C:\Windows\system32\GDI32.dll
0x000007ff25f40000 - 0x000007ff25f79000 	C:\Windows\system32\IMM32.DLL
0x000007ff26270000 - 0x000007ff26386000 	C:\Windows\system32\MSCTF.dll
0x000000005f8c0000 - 0x000000005f992000 	C:\Program Files\Java\jre7\bin\msvcr100.dll
0x000000005f0f0000 - 0x000000005f8b9000 	C:\Program Files\Java\jre7\bin\server\jvm.dll
0x000007ff16570000 - 0x000007ff16579000 	C:\Windows\SYSTEM32\WSOCK32.dll
0x000007ff21fa0000 - 0x000007ff21fc0000 	C:\Windows\SYSTEM32\WINMM.dll
0x000007ff25d80000 - 0x000007ff25d87000 	C:\Windows\system32\PSAPI.DLL
0x000007ff25d20000 - 0x000007ff25d78000 	C:\Windows\system32\WS2_32.dll
0x000007ff21d90000 - 0x000007ff21dc3000 	C:\Windows\SYSTEM32\WINMMBASE.dll
0x000007ff25150000 - 0x000007ff25159000 	C:\Windows\system32\NSI.dll
0x000007ff24d80000 - 0x000007ff24dcf000 	C:\Windows\SYSTEM32\cfgmgr32.dll
0x000007ff24e80000 - 0x000007ff24ea2000 	C:\Windows\system32\DEVOBJ.dll
0x000000005f0e0000 - 0x000000005f0ef000 	C:\Program Files\Java\jre7\bin\verify.dll
0x000000005f0b0000 - 0x000000005f0d8000 	C:\Program Files\Java\jre7\bin\java.dll
0x000000005f040000 - 0x000000005f055000 	C:\Program Files\Java\jre7\bin\zip.dll
0x000000005ee50000 - 0x000000005efe5000 	C:\Program Files\Java\jre7\bin\awt.dll
0x000007ff27990000 - 0x000007ff27a53000 	C:\Windows\system32\OLEAUT32.dll
0x000007ff25d90000 - 0x000007ff25f40000 	C:\Windows\system32\combase.dll
0x000007ff1d630000 - 0x000007ff1d6cf000 	C:\Windows\system32\apphelp.dll
0x000007ff23760000 - 0x000007ff23846000 	C:\Windows\system32\uxtheme.dll
0x000007ff22d30000 - 0x000007ff22d51000 	C:\Windows\SYSTEM32\dwmapi.dll
0x000007ff259b0000 - 0x000007ff25b2e000 	C:\Windows\system32\ole32.dll
0x000007ff247b0000 - 0x000007ff247ba000 	C:\Windows\SYSTEM32\CRYPTBASE.dll
0x000007ff24750000 - 0x000007ff247ac000 	C:\Windows\SYSTEM32\bcryptPrimitives.dll
0x000007ff26560000 - 0x000007ff2783f000 	C:\Windows\system32\SHELL32.dll
0x000007ff25b30000 - 0x000007ff25b80000 	C:\Windows\system32\SHLWAPI.dll
0x000007ff23b30000 - 0x000007ff23bc5000 	C:\Windows\SYSTEM32\shcore.dll
0x000007ff10c20000 - 0x000007ff10c70000 	C:\Users\Dave\AppData\Local\Temp\JOCL_0_1_9-windows-x86_64.dll
0x000007ff10be0000 - 0x000007ff10bf3000 	C:\Windows\SYSTEM32\OpenCL.dll
0x000007ff0e820000 - 0x000007ff0efae000 	C:\Windows\SYSTEM32\nvopencl.dll
0x000007ff26390000 - 0x000007ff26560000 	C:\Windows\system32\SETUPAPI.dll
0x000007ff1f900000 - 0x000007ff1fbff000 	C:\Windows\SYSTEM32\nvapi64.dll
0x000007ff20be0000 - 0x000007ff20be9000 	C:\Windows\SYSTEM32\VERSION.dll
0x000007ff24d20000 - 0x000007ff24d75000 	C:\Windows\system32\WINTRUST.dll
0x000007ff24b40000 - 0x000007ff24d11000 	C:\Windows\system32\CRYPT32.dll
0x000007ff24a20000 - 0x000007ff24a36000 	C:\Windows\system32\MSASN1.dll
0x000007ff10b90000 - 0x000007ff10bd2000 	C:\Windows\SYSTEM32\intelopencl64.dll
0x000007ff0c4f0000 - 0x000007ff0c5ed000 	C:\Program Files (x86)\Common Files\Intel\OpenCL\bin\x64\intelocl64.dll
0x000007ff10a10000 - 0x000007ff10a86000 	C:\Program Files (x86)\Common Files\Intel\OpenCL\bin\x64\task_executor64.dll
0x000007ff07ff0000 - 0x000007ff0810f000 	C:\Windows\SYSTEM32\OPENGL32.dll
0x000007ff1dad0000 - 0x000007ff1dafc000 	C:\Windows\SYSTEM32\GLU32.dll
0x000007ff07f00000 - 0x000007ff07fea000 	C:\Windows\SYSTEM32\DDRAW.dll
0x000007ff1dac0000 - 0x000007ff1dac8000 	C:\Windows\SYSTEM32\DCIMAN32.dll
0x000007ff1dba0000 - 0x000007ff1dbce000 	C:\Windows\SYSTEM32\ntmarta.dll
0x000007ff0ff90000 - 0x000007ff1001e000 	C:\Program Files (x86)\Common Files\Intel\OpenCL\bin\x64\cpu_device64.dll
0x000007ff0f290000 - 0x000007ff0f2f9000 	C:\Program Files (x86)\Common Files\Intel\OpenCL\bin\x64\tbb\tbb.dll
0x000007ff21b30000 - 0x000007ff21c93000 	C:\Windows\SYSTEM32\dbghelp.dll

VM Arguments:
jvm_args: -Xmx1g -Dfile.encoding=Cp1252 
java_command: edu.mines.jtk.dsp.LocalSmoothingFilter
Launcher Type: SUN_STANDARD

Environment Variables:
JAVA_HOME=C:\Program Files\Java\jdk1.7.0_51
PATH=C:/Program Files/Java/jdk1.7.0_51/bin/../jre/bin/server;C:/Program Files/Java/jdk1.7.0_51/bin/../jre/bin;C:/Program Files/Java/jdk1.7.0_51/bin/../jre/lib/amd64;C:\Program Files\Java\jdk1.7.0_51\bin;C:\Program Files\NVIDIA GPU Computing Toolkit\CUDA\v5.5\bin;C:\Program Files\NVIDIA GPU Computing Toolkit\CUDA\v5.5\libnvvp;C:\Program Files (x86)\NVIDIA Corporation\PhysX\Common;C:\Program Files\Broadcom\Broadcom 802.11 Network Adapter\Driver;C:\Program Files (x86)\Intel\iCLS Client\;C:\Program Files\Intel\iCLS Client\;C:\Windows\system32;C:\Windows;C:\Windows\System32\Wbem;C:\Windows\System32\WindowsPowerShell\v1.0\;C:\Program Files (x86)\Windows Live\Shared;C:\Program Files\Intel\Intel(R) Management Engine Components\DAL;C:\Program Files\Intel\Intel(R) Management Engine Components\IPT;C:\Program Files (x86)\Intel\Intel(R) Management Engine Components\DAL;C:\Program Files (x86)\Intel\Intel(R) Management Engine Components\IPT;C:\Program Files\WIDCOMM\Bluetooth Software\;C:\Program Files\WIDCOMM\Bluetooth Software\syswow64;C:\Program Files\Microsoft\Web Platform Installer\;C:\Program Files (x86)\Microsoft ASP.NET\ASP.NET Web Pages\v1.0\;C:\Program Files (x86)\Windows Kits\8.0\Windows Performance Toolkit\;C:\Program Files\Microsoft SQL Server\110\Tools\Binn\;C:\Program Files (x86)\Microsoft Visual Studio 11.0\VC\bin\x86_amd64\;C:\Program Files\TortoiseSVN\bin;C:\Tools\;C:\Program Files (x86)\MiKTeX 2.9\miktex\bin\;C:\Users\Dave\workspace\jtk\bin;C:\Software\Octave-3.6.4\bin;C:\Program Files (x86)\Intel\OpenCL SDK\3.0\bin\x86;C:\Program Files (x86)\Intel\OpenCL SDK\3.0\bin\x64;c:\users\dave\appdata\local\enthought\canopy\user\scripts;C:\Users\Dave\AppData\Local\Enthought\Canopy\User;C:\Users\Dave\AppData\Local\Enthought\Canopy\User\Scripts;C:\Tools\eclipse;
USERNAME=Dave
OS=Windows_NT
PROCESSOR_IDENTIFIER=Intel64 Family 6 Model 60 Stepping 3, GenuineIntel



---------------  S Y S T E M  ---------------

OS: Windows 8 , 64 bit Build 9200 

CPU:total 8 (4 cores per cpu, 2 threads per core) family 6 model 60 stepping 3, cmov, cx8, fxsr, mmx, sse, sse2, sse3, ssse3, sse4.1, sse4.2, popcnt, avx, avx2, aes, erms, ht, tsc, tscinvbit

Memory: 4k page, physical 8304176k(2245120k free), swap 16430640k(7072720k free)

vm_info: Java HotSpot(TM) 64-Bit Server VM (24.51-b03) for windows-amd64 JRE (1.7.0_51-b13), built on Dec 18 2013 18:40:56 by "java_re" with unknown MS VC++:1600

time: Sat Mar 29 20:45:47 2014
elapsed time: 2 seconds

