C:\USERS\DAVE\DOCUMENTS\VISUAL STUDIO 2012\PROJECTS\SENIOR_DESIGN\SENIOR_DESIGN\RELEASE\STOPWATCH.OBJ
C:\USERS\DAVE\DOCUMENTS\VISUAL STUDIO 2012\PROJECTS\SENIOR_DESIGN\SENIOR_DESIGN\RELEASE\ARRAYSUMTOTAL.OBJ
C:\USERS\DAVE\DOCUMENTS\VISUAL STUDIO 2012\PROJECTS\SENIOR_DESIGN\SENIOR_DESIGN\RELEASE\VC110.PDB
C:\USERS\DAVE\DOCUMENTS\VISUAL STUDIO 2012\PROJECTS\SENIOR_DESIGN\RELEASE\SENIOR_DESIGN.EXE
C:\USERS\DAVE\DOCUMENTS\VISUAL STUDIO 2012\PROJECTS\SENIOR_DESIGN\RELEASE\SENIOR_DESIGN.PDB
C:\Users\Dave\Documents\Visual Studio 2012\Projects\Senior_Design\Senior_Design\Release\ArraySumTotal.obj
C:\Users\Dave\Documents\Visual Studio 2012\Projects\Senior_Design\Senior_Design\Release\Stopwatch.obj
C:\Users\Dave\Documents\Visual Studio 2012\Projects\Senior_Design\Senior_Design\Release\cl.command.1.tlog
C:\Users\Dave\Documents\Visual Studio 2012\Projects\Senior_Design\Senior_Design\Release\CL.read.1.tlog
C:\Users\Dave\Documents\Visual Studio 2012\Projects\Senior_Design\Senior_Design\Release\CL.write.1.tlog
C:\Users\Dave\Documents\Visual Studio 2012\Projects\Senior_Design\Senior_Design\Release\link-cvtres.read.1.tlog
C:\Users\Dave\Documents\Visual Studio 2012\Projects\Senior_Design\Senior_Design\Release\link-cvtres.write.1.tlog
C:\Users\Dave\Documents\Visual Studio 2012\Projects\Senior_Design\Senior_Design\Release\link-rc.read.1.tlog
C:\Users\Dave\Documents\Visual Studio 2012\Projects\Senior_Design\Senior_Design\Release\link-rc.write.1.tlog
C:\Users\Dave\Documents\Visual Studio 2012\Projects\Senior_Design\Senior_Design\Release\link.command.1.tlog
C:\Users\Dave\Documents\Visual Studio 2012\Projects\Senior_Design\Senior_Design\Release\link.read.1.tlog
C:\Users\Dave\Documents\Visual Studio 2012\Projects\Senior_Design\Senior_Design\Release\link.write.1.tlog
C:\Users\Dave\Documents\Visual Studio 2012\Projects\Senior_Design\Senior_Design\Release\vc110.pdb
C:\Users\Dave\Documents\Visual Studio 2012\Projects\Senior_Design\Release\Senior_Design.pdb
C:\Users\Dave\Documents\Visual Studio 2012\Projects\Senior_Design\Release\Senior_Design.exe
