C:\USERS\DAVE\DOCUMENTS\VISUAL STUDIO 2012\PROJECTS\SENIOR_DESIGN\SOS_RANDOM_NUMBERS\X64\DEBUG\SOS_RANDOM_NUMS.OBJ
C:\USERS\DAVE\DOCUMENTS\VISUAL STUDIO 2012\PROJECTS\SENIOR_DESIGN\SOS_RANDOM_NUMBERS\X64\DEBUG\STOPWATCH.OBJ
C:\USERS\DAVE\DOCUMENTS\VISUAL STUDIO 2012\PROJECTS\SENIOR_DESIGN\SOS_RANDOM_NUMBERS\X64\DEBUG\VC110.PDB
C:\USERS\DAVE\DOCUMENTS\VISUAL STUDIO 2012\PROJECTS\SENIOR_DESIGN\X64\DEBUG\SOS_RANDOM_NUMBERS.ILK
C:\USERS\DAVE\DOCUMENTS\VISUAL STUDIO 2012\PROJECTS\SENIOR_DESIGN\X64\DEBUG\SOS_RANDOM_NUMBERS.EXE
C:\USERS\DAVE\DOCUMENTS\VISUAL STUDIO 2012\PROJECTS\SENIOR_DESIGN\X64\DEBUG\SOS_RANDOM_NUMBERS.PDB
C:\Users\Dave\Documents\Visual Studio 2012\Projects\Senior_Design\SOS_Random_Numbers\x64\Debug\SOS_Random_Nums.obj
C:\Users\Dave\Documents\Visual Studio 2012\Projects\Senior_Design\SOS_Random_Numbers\x64\Debug\Stopwatch.obj
C:\Users\Dave\Documents\Visual Studio 2012\Projects\Senior_Design\SOS_Random_Numbers\x64\Debug\cl.command.1.tlog
C:\Users\Dave\Documents\Visual Studio 2012\Projects\Senior_Design\SOS_Random_Numbers\x64\Debug\CL.read.1.tlog
C:\Users\Dave\Documents\Visual Studio 2012\Projects\Senior_Design\SOS_Random_Numbers\x64\Debug\CL.write.1.tlog
C:\Users\Dave\Documents\Visual Studio 2012\Projects\Senior_Design\SOS_Random_Numbers\x64\Debug\link-cvtres.read.1.tlog
C:\Users\Dave\Documents\Visual Studio 2012\Projects\Senior_Design\SOS_Random_Numbers\x64\Debug\link-cvtres.write.1.tlog
C:\Users\Dave\Documents\Visual Studio 2012\Projects\Senior_Design\SOS_Random_Numbers\x64\Debug\link-rc.read.1.tlog
C:\Users\Dave\Documents\Visual Studio 2012\Projects\Senior_Design\SOS_Random_Numbers\x64\Debug\link-rc.write.1.tlog
C:\Users\Dave\Documents\Visual Studio 2012\Projects\Senior_Design\SOS_Random_Numbers\x64\Debug\link.command.1.tlog
C:\Users\Dave\Documents\Visual Studio 2012\Projects\Senior_Design\SOS_Random_Numbers\x64\Debug\link.read.1.tlog
C:\Users\Dave\Documents\Visual Studio 2012\Projects\Senior_Design\SOS_Random_Numbers\x64\Debug\link.write.1.tlog
C:\Users\Dave\Documents\Visual Studio 2012\Projects\Senior_Design\SOS_Random_Numbers\x64\Debug\vc110.idb
C:\Users\Dave\Documents\Visual Studio 2012\Projects\Senior_Design\SOS_Random_Numbers\x64\Debug\vc110.pdb
C:\Users\Dave\Documents\Visual Studio 2012\Projects\Senior_Design\x64\Debug\SOS_Random_Numbers.pdb
C:\Users\Dave\Documents\Visual Studio 2012\Projects\Senior_Design\x64\Debug\SOS_Random_Numbers.exe
C:\Users\Dave\Documents\Visual Studio 2012\Projects\Senior_Design\x64\Debug\SOS_Random_Numbers.ilk
