C:\USERS\DAVE\DOCUMENTS\VISUAL STUDIO 2012\PROJECTS\SENIOR_DESIGN\SENIOR_DESIGNCUDA.CU\DEBUG\STOPWATCH.OBJ
C:\USERS\DAVE\DOCUMENTS\VISUAL STUDIO 2012\PROJECTS\SENIOR_DESIGN\SENIOR_DESIGNCUDA.CU\DEBUG\VC110.PDB
C:\USERS\DAVE\DOCUMENTS\VISUAL STUDIO 2012\PROJECTS\SENIOR_DESIGN\DEBUG\SENIOR_DESIGNCUDA.CU.ILK
C:\USERS\DAVE\DOCUMENTS\VISUAL STUDIO 2012\PROJECTS\SENIOR_DESIGN\DEBUG\SENIOR_DESIGNCUDA.CU.EXE
C:\USERS\DAVE\DOCUMENTS\VISUAL STUDIO 2012\PROJECTS\SENIOR_DESIGN\DEBUG\SENIOR_DESIGNCUDA.CU.PDB
C:\Users\Dave\Documents\Visual Studio 2012\Projects\Senior_Design\Senior_DesignCUDA.cu\Debug\kernel.cu.cache
C:\Users\Dave\Documents\Visual Studio 2012\Projects\Senior_Design\Senior_DesignCUDA.cu\Debug\kernel.cu.obj
C:\Users\Dave\Documents\Visual Studio 2012\Projects\Senior_Design\Senior_DesignCUDA.cu\Debug\Stopwatch.obj
C:\Users\Dave\Documents\Visual Studio 2012\Projects\Senior_Design\Senior_DesignCUDA.cu\Debug\cl.command.1.tlog
C:\Users\Dave\Documents\Visual Studio 2012\Projects\Senior_Design\Senior_DesignCUDA.cu\Debug\CL.read.1.tlog
C:\Users\Dave\Documents\Visual Studio 2012\Projects\Senior_Design\Senior_DesignCUDA.cu\Debug\CL.write.1.tlog
C:\Users\Dave\Documents\Visual Studio 2012\Projects\Senior_Design\Senior_DesignCUDA.cu\Debug\link-cvtres.read.1.tlog
C:\Users\Dave\Documents\Visual Studio 2012\Projects\Senior_Design\Senior_DesignCUDA.cu\Debug\link-cvtres.write.1.tlog
C:\Users\Dave\Documents\Visual Studio 2012\Projects\Senior_Design\Senior_DesignCUDA.cu\Debug\link-rc.read.1.tlog
C:\Users\Dave\Documents\Visual Studio 2012\Projects\Senior_Design\Senior_DesignCUDA.cu\Debug\link-rc.write.1.tlog
C:\Users\Dave\Documents\Visual Studio 2012\Projects\Senior_Design\Senior_DesignCUDA.cu\Debug\link.command.1.tlog
C:\Users\Dave\Documents\Visual Studio 2012\Projects\Senior_Design\Senior_DesignCUDA.cu\Debug\link.read.1.tlog
C:\Users\Dave\Documents\Visual Studio 2012\Projects\Senior_Design\Senior_DesignCUDA.cu\Debug\link.write.1.tlog
C:\Users\Dave\Documents\Visual Studio 2012\Projects\Senior_Design\Senior_DesignCUDA.cu\Debug\vc110.idb
C:\Users\Dave\Documents\Visual Studio 2012\Projects\Senior_Design\Senior_DesignCUDA.cu\Debug\vc110.pdb
C:\Users\Dave\Documents\Visual Studio 2012\Projects\Senior_Design\Debug\Senior_DesignCUDA.cu.pdb
C:\Users\Dave\Documents\Visual Studio 2012\Projects\Senior_Design\Debug\Senior_DesignCUDA.cu.exe
C:\Users\Dave\Documents\Visual Studio 2012\Projects\Senior_Design\Debug\Senior_DesignCUDA.cu.ilk
